[2015-02-14 09:26:50] production.ERROR: exception 'ErrorException' with message 'Missing argument 1 for HomeController::getIndex()' in /home/hany/public_html/global/app/controllers/HomeController.php:34
Stack trace:
#0 /home/hany/public_html/global/app/controllers/HomeController.php(34): Illuminate\Exception\Handler->handleError(2, 'Missing argumen...', '/home/hany/publ...', 34, Array)
#1 [internal function]: HomeController->getIndex()
#2 /home/hany/public_html/global/vendor/laravel/framework/src/Illuminate/Routing/Controller.php(231): call_user_func_array(Array, Array)
#3 /home/hany/public_html/global/vendor/laravel/framework/src/Illuminate/Routing/ControllerDispatcher.php(93): Illuminate\Routing\Controller->callAction('getIndex', Array)
#4 /home/hany/public_html/global/vendor/laravel/framework/src/Illuminate/Routing/ControllerDispatcher.php(62): Illuminate\Routing\ControllerDispatcher->call(Object(HomeController), Object(Illuminate\Routing\Route), 'getIndex')
#5 /home/hany/public_html/global/vendor/laravel/framework/src/Illuminate/Routing/Router.php(934): Illuminate\Routing\ControllerDispatcher->dispatch(Object(Illuminate\Routing\Route), Object(Illuminate\Http\Request), 'HomeController', 'getIndex')
#6 [internal function]: Illuminate\Routing\Router->Illuminate\Routing\{closure}()
#7 /home/hany/public_html/global/vendor/laravel/framework/src/Illuminate/Routing/Route.php(105): call_user_func_array(Object(Closure), Array)
#8 /home/hany/public_html/global/vendor/laravel/framework/src/Illuminate/Routing/Router.php(1000): Illuminate\Routing\Route->run(Object(Illuminate\Http\Request))
#9 /home/hany/public_html/global/vendor/laravel/framework/src/Illuminate/Routing/Router.php(968): Illuminate\Routing\Router->dispatchToRoute(Object(Illuminate\Http\Request))
#10 /home/hany/public_html/global/vendor/laravel/framework/src/Illuminate/Foundation/Application.php(738): Illuminate\Routing\Router->dispatch(Object(Illuminate\Http\Request))
#11 /home/hany/public_html/global/vendor/laravel/framework/src/Illuminate/Foundation/Application.php(708): Illuminate\Foundation\Application->dispatch(Object(Illuminate\Http\Request))
#12 /home/hany/public_html/global/vendor/barryvdh/laravel-debugbar/src/Barryvdh/Debugbar/Middleware.php(34): Illuminate\Foundation\Application->handle(Object(Illuminate\Http\Request), 1, true)
#13 /home/hany/public_html/global/vendor/laravel/framework/src/Illuminate/Http/FrameGuard.php(38): Barryvdh\Debugbar\Middleware->handle(Object(Illuminate\Http\Request), 1, true)
#14 /home/hany/public_html/global/vendor/laravel/framework/src/Illuminate/Session/Middleware.php(72): Illuminate\Http\FrameGuard->handle(Object(Illuminate\Http\Request), 1, true)
#15 /home/hany/public_html/global/vendor/laravel/framework/src/Illuminate/Cookie/Queue.php(47): Illuminate\Session\Middleware->handle(Object(Illuminate\Http\Request), 1, true)
#16 /home/hany/public_html/global/vendor/laravel/framework/src/Illuminate/Cookie/Guard.php(51): Illuminate\Cookie\Queue->handle(Object(Illuminate\Http\Request), 1, true)
#17 /home/hany/public_html/global/vendor/stack/builder/src/Stack/StackedHttpKernel.php(23): Illuminate\Cookie\Guard->handle(Object(Illuminate\Http\Request), 1, true)
#18 /home/hany/public_html/global/vendor/laravel/framework/src/Illuminate/Foundation/Application.php(606): Stack\StackedHttpKernel->handle(Object(Illuminate\Http\Request))
#19 /home/hany/public_html/global/index.php(49): Illuminate\Foundation\Application->run()
#20 {main} [] []
[2015-02-14 09:27:05] production.ERROR: exception 'ErrorException' with message 'Missing argument 1 for HomeController::getIndex()' in /home/hany/public_html/global/app/controllers/HomeController.php:34
Stack trace:
#0 /home/hany/public_html/global/app/controllers/HomeController.php(34): Illuminate\Exception\Handler->handleError(2, 'Missing argumen...', '/home/hany/publ...', 34, Array)
#1 [internal function]: HomeController->getIndex()
#2 /home/hany/public_html/global/vendor/laravel/framework/src/Illuminate/Routing/Controller.php(231): call_user_func_array(Array, Array)
#3 /home/hany/public_html/global/vendor/laravel/framework/src/Illuminate/Routing/ControllerDispatcher.php(93): Illuminate\Routing\Controller->callAction('getIndex', Array)
#4 /home/hany/public_html/global/vendor/laravel/framework/src/Illuminate/Routing/ControllerDispatcher.php(62): Illuminate\Routing\ControllerDispatcher->call(Object(HomeController), Object(Illuminate\Routing\Route), 'getIndex')
#5 /home/hany/public_html/global/vendor/laravel/framework/src/Illuminate/Routing/Router.php(934): Illuminate\Routing\ControllerDispatcher->dispatch(Object(Illuminate\Routing\Route), Object(Illuminate\Http\Request), 'HomeController', 'getIndex')
#6 [internal function]: Illuminate\Routing\Router->Illuminate\Routing\{closure}()
#7 /home/hany/public_html/global/vendor/laravel/framework/src/Illuminate/Routing/Route.php(105): call_user_func_array(Object(Closure), Array)
#8 /home/hany/public_html/global/vendor/laravel/framework/src/Illuminate/Routing/Router.php(1000): Illuminate\Routing\Route->run(Object(Illuminate\Http\Request))
#9 /home/hany/public_html/global/vendor/laravel/framework/src/Illuminate/Routing/Router.php(968): Illuminate\Routing\Router->dispatchToRoute(Object(Illuminate\Http\Request))
#10 /home/hany/public_html/global/vendor/laravel/framework/src/Illuminate/Foundation/Application.php(738): Illuminate\Routing\Router->dispatch(Object(Illuminate\Http\Request))
#11 /home/hany/public_html/global/vendor/laravel/framework/src/Illuminate/Foundation/Application.php(708): Illuminate\Foundation\Application->dispatch(Object(Illuminate\Http\Request))
#12 /home/hany/public_html/global/vendor/barryvdh/laravel-debugbar/src/Barryvdh/Debugbar/Middleware.php(34): Illuminate\Foundation\Application->handle(Object(Illuminate\Http\Request), 1, true)
#13 /home/hany/public_html/global/vendor/laravel/framework/src/Illuminate/Http/FrameGuard.php(38): Barryvdh\Debugbar\Middleware->handle(Object(Illuminate\Http\Request), 1, true)
#14 /home/hany/public_html/global/vendor/laravel/framework/src/Illuminate/Session/Middleware.php(72): Illuminate\Http\FrameGuard->handle(Object(Illuminate\Http\Request), 1, true)
#15 /home/hany/public_html/global/vendor/laravel/framework/src/Illuminate/Cookie/Queue.php(47): Illuminate\Session\Middleware->handle(Object(Illuminate\Http\Request), 1, true)
#16 /home/hany/public_html/global/vendor/laravel/framework/src/Illuminate/Cookie/Guard.php(51): Illuminate\Cookie\Queue->handle(Object(Illuminate\Http\Request), 1, true)
#17 /home/hany/public_html/global/vendor/stack/builder/src/Stack/StackedHttpKernel.php(23): Illuminate\Cookie\Guard->handle(Object(Illuminate\Http\Request), 1, true)
#18 /home/hany/public_html/global/vendor/laravel/framework/src/Illuminate/Foundation/Application.php(606): Stack\StackedHttpKernel->handle(Object(Illuminate\Http\Request))
#19 /home/hany/public_html/global/index.php(49): Illuminate\Foundation\Application->run()
#20 {main} [] []
[2015-02-14 09:27:05] production.ERROR: exception 'ErrorException' with message 'Missing argument 1 for HomeController::getIndex()' in /home/hany/public_html/global/app/controllers/HomeController.php:34
Stack trace:
#0 /home/hany/public_html/global/app/controllers/HomeController.php(34): Illuminate\Exception\Handler->handleError(2, 'Missing argumen...', '/home/hany/publ...', 34, Array)
#1 [internal function]: HomeController->getIndex()
#2 /home/hany/public_html/global/vendor/laravel/framework/src/Illuminate/Routing/Controller.php(231): call_user_func_array(Array, Array)
#3 /home/hany/public_html/global/vendor/laravel/framework/src/Illuminate/Routing/ControllerDispatcher.php(93): Illuminate\Routing\Controller->callAction('getIndex', Array)
#4 /home/hany/public_html/global/vendor/laravel/framework/src/Illuminate/Routing/ControllerDispatcher.php(62): Illuminate\Routing\ControllerDispatcher->call(Object(HomeController), Object(Illuminate\Routing\Route), 'getIndex')
#5 /home/hany/public_html/global/vendor/laravel/framework/src/Illuminate/Routing/Router.php(934): Illuminate\Routing\ControllerDispatcher->dispatch(Object(Illuminate\Routing\Route), Object(Illuminate\Http\Request), 'HomeController', 'getIndex')
#6 [internal function]: Illuminate\Routing\Router->Illuminate\Routing\{closure}()
#7 /home/hany/public_html/global/vendor/laravel/framework/src/Illuminate/Routing/Route.php(105): call_user_func_array(Object(Closure), Array)
#8 /home/hany/public_html/global/vendor/laravel/framework/src/Illuminate/Routing/Router.php(1000): Illuminate\Routing\Route->run(Object(Illuminate\Http\Request))
#9 /home/hany/public_html/global/vendor/laravel/framework/src/Illuminate/Routing/Router.php(968): Illuminate\Routing\Router->dispatchToRoute(Object(Illuminate\Http\Request))
#10 /home/hany/public_html/global/vendor/laravel/framework/src/Illuminate/Foundation/Application.php(738): Illuminate\Routing\Router->dispatch(Object(Illuminate\Http\Request))
#11 /home/hany/public_html/global/vendor/laravel/framework/src/Illuminate/Foundation/Application.php(708): Illuminate\Foundation\Application->dispatch(Object(Illuminate\Http\Request))
#12 /home/hany/public_html/global/vendor/barryvdh/laravel-debugbar/src/Barryvdh/Debugbar/Middleware.php(34): Illuminate\Foundation\Application->handle(Object(Illuminate\Http\Request), 1, true)
#13 /home/hany/public_html/global/vendor/laravel/framework/src/Illuminate/Http/FrameGuard.php(38): Barryvdh\Debugbar\Middleware->handle(Object(Illuminate\Http\Request), 1, true)
#14 /home/hany/public_html/global/vendor/laravel/framework/src/Illuminate/Session/Middleware.php(72): Illuminate\Http\FrameGuard->handle(Object(Illuminate\Http\Request), 1, true)
#15 /home/hany/public_html/global/vendor/laravel/framework/src/Illuminate/Cookie/Queue.php(47): Illuminate\Session\Middleware->handle(Object(Illuminate\Http\Request), 1, true)
#16 /home/hany/public_html/global/vendor/laravel/framework/src/Illuminate/Cookie/Guard.php(51): Illuminate\Cookie\Queue->handle(Object(Illuminate\Http\Request), 1, true)
#17 /home/hany/public_html/global/vendor/stack/builder/src/Stack/StackedHttpKernel.php(23): Illuminate\Cookie\Guard->handle(Object(Illuminate\Http\Request), 1, true)
#18 /home/hany/public_html/global/vendor/laravel/framework/src/Illuminate/Foundation/Application.php(606): Stack\StackedHttpKernel->handle(Object(Illuminate\Http\Request))
#19 /home/hany/public_html/global/index.php(49): Illuminate\Foundation\Application->run()
#20 {main} [] []
[2015-02-14 09:27:05] production.ERROR: exception 'Symfony\Component\HttpKernel\Exception\NotFoundHttpException' in /home/hany/public_html/global/vendor/laravel/framework/src/Illuminate/Routing/RouteCollection.php:140
Stack trace:
#0 /home/hany/public_html/global/vendor/laravel/framework/src/Illuminate/Routing/Router.php(1021): Illuminate\Routing\RouteCollection->match(Object(Illuminate\Http\Request))
#1 /home/hany/public_html/global/vendor/laravel/framework/src/Illuminate/Routing/Router.php(989): Illuminate\Routing\Router->findRoute(Object(Illuminate\Http\Request))
#2 /home/hany/public_html/global/vendor/laravel/framework/src/Illuminate/Routing/Router.php(968): Illuminate\Routing\Router->dispatchToRoute(Object(Illuminate\Http\Request))
#3 /home/hany/public_html/global/vendor/laravel/framework/src/Illuminate/Foundation/Application.php(738): Illuminate\Routing\Router->dispatch(Object(Illuminate\Http\Request))
#4 /home/hany/public_html/global/vendor/laravel/framework/src/Illuminate/Foundation/Application.php(708): Illuminate\Foundation\Application->dispatch(Object(Illuminate\Http\Request))
#5 /home/hany/public_html/global/vendor/barryvdh/laravel-debugbar/src/Barryvdh/Debugbar/Middleware.php(34): Illuminate\Foundation\Application->handle(Object(Illuminate\Http\Request), 1, true)
#6 /home/hany/public_html/global/vendor/laravel/framework/src/Illuminate/Http/FrameGuard.php(38): Barryvdh\Debugbar\Middleware->handle(Object(Illuminate\Http\Request), 1, true)
#7 /home/hany/public_html/global/vendor/laravel/framework/src/Illuminate/Session/Middleware.php(72): Illuminate\Http\FrameGuard->handle(Object(Illuminate\Http\Request), 1, true)
#8 /home/hany/public_html/global/vendor/laravel/framework/src/Illuminate/Cookie/Queue.php(47): Illuminate\Session\Middleware->handle(Object(Illuminate\Http\Request), 1, true)
#9 /home/hany/public_html/global/vendor/laravel/framework/src/Illuminate/Cookie/Guard.php(51): Illuminate\Cookie\Queue->handle(Object(Illuminate\Http\Request), 1, true)
#10 /home/hany/public_html/global/vendor/stack/builder/src/Stack/StackedHttpKernel.php(23): Illuminate\Cookie\Guard->handle(Object(Illuminate\Http\Request), 1, true)
#11 /home/hany/public_html/global/vendor/laravel/framework/src/Illuminate/Foundation/Application.php(606): Stack\StackedHttpKernel->handle(Object(Illuminate\Http\Request))
#12 /home/hany/public_html/global/index.php(49): Illuminate\Foundation\Application->run()
#13 {main} [] []
[2015-02-14 09:27:05] production.ERROR: exception 'Symfony\Component\HttpKernel\Exception\NotFoundHttpException' in /home/hany/public_html/global/vendor/laravel/framework/src/Illuminate/Routing/RouteCollection.php:140
Stack trace:
#0 /home/hany/public_html/global/vendor/laravel/framework/src/Illuminate/Routing/Router.php(1021): Illuminate\Routing\RouteCollection->match(Object(Illuminate\Http\Request))
#1 /home/hany/public_html/global/vendor/laravel/framework/src/Illuminate/Routing/Router.php(989): Illuminate\Routing\Router->findRoute(Object(Illuminate\Http\Request))
#2 /home/hany/public_html/global/vendor/laravel/framework/src/Illuminate/Routing/Router.php(968): Illuminate\Routing\Router->dispatchToRoute(Object(Illuminate\Http\Request))
#3 /home/hany/public_html/global/vendor/laravel/framework/src/Illuminate/Foundation/Application.php(738): Illuminate\Routing\Router->dispatch(Object(Illuminate\Http\Request))
#4 /home/hany/public_html/global/vendor/laravel/framework/src/Illuminate/Foundation/Application.php(708): Illuminate\Foundation\Application->dispatch(Object(Illuminate\Http\Request))
#5 /home/hany/public_html/global/vendor/barryvdh/laravel-debugbar/src/Barryvdh/Debugbar/Middleware.php(34): Illuminate\Foundation\Application->handle(Object(Illuminate\Http\Request), 1, true)
#6 /home/hany/public_html/global/vendor/laravel/framework/src/Illuminate/Http/FrameGuard.php(38): Barryvdh\Debugbar\Middleware->handle(Object(Illuminate\Http\Request), 1, true)
#7 /home/hany/public_html/global/vendor/laravel/framework/src/Illuminate/Session/Middleware.php(72): Illuminate\Http\FrameGuard->handle(Object(Illuminate\Http\Request), 1, true)
#8 /home/hany/public_html/global/vendor/laravel/framework/src/Illuminate/Cookie/Queue.php(47): Illuminate\Session\Middleware->handle(Object(Illuminate\Http\Request), 1, true)
#9 /home/hany/public_html/global/vendor/laravel/framework/src/Illuminate/Cookie/Guard.php(51): Illuminate\Cookie\Queue->handle(Object(Illuminate\Http\Request), 1, true)
#10 /home/hany/public_html/global/vendor/stack/builder/src/Stack/StackedHttpKernel.php(23): Illuminate\Cookie\Guard->handle(Object(Illuminate\Http\Request), 1, true)
#11 /home/hany/public_html/global/vendor/laravel/framework/src/Illuminate/Foundation/Application.php(606): Stack\StackedHttpKernel->handle(Object(Illuminate\Http\Request))
#12 /home/hany/public_html/global/index.php(49): Illuminate\Foundation\Application->run()
#13 {main} [] []
[2015-02-14 09:27:06] production.ERROR: exception 'Symfony\Component\HttpKernel\Exception\NotFoundHttpException' in /home/hany/public_html/global/vendor/laravel/framework/src/Illuminate/Routing/RouteCollection.php:140
Stack trace:
#0 /home/hany/public_html/global/vendor/laravel/framework/src/Illuminate/Routing/Router.php(1021): Illuminate\Routing\RouteCollection->match(Object(Illuminate\Http\Request))
#1 /home/hany/public_html/global/vendor/laravel/framework/src/Illuminate/Routing/Router.php(989): Illuminate\Routing\Router->findRoute(Object(Illuminate\Http\Request))
#2 /home/hany/public_html/global/vendor/laravel/framework/src/Illuminate/Routing/Router.php(968): Illuminate\Routing\Router->dispatchToRoute(Object(Illuminate\Http\Request))
#3 /home/hany/public_html/global/vendor/laravel/framework/src/Illuminate/Foundation/Application.php(738): Illuminate\Routing\Router->dispatch(Object(Illuminate\Http\Request))
#4 /home/hany/public_html/global/vendor/laravel/framework/src/Illuminate/Foundation/Application.php(708): Illuminate\Foundation\Application->dispatch(Object(Illuminate\Http\Request))
#5 /home/hany/public_html/global/vendor/barryvdh/laravel-debugbar/src/Barryvdh/Debugbar/Middleware.php(34): Illuminate\Foundation\Application->handle(Object(Illuminate\Http\Request), 1, true)
#6 /home/hany/public_html/global/vendor/laravel/framework/src/Illuminate/Http/FrameGuard.php(38): Barryvdh\Debugbar\Middleware->handle(Object(Illuminate\Http\Request), 1, true)
#7 /home/hany/public_html/global/vendor/laravel/framework/src/Illuminate/Session/Middleware.php(72): Illuminate\Http\FrameGuard->handle(Object(Illuminate\Http\Request), 1, true)
#8 /home/hany/public_html/global/vendor/laravel/framework/src/Illuminate/Cookie/Queue.php(47): Illuminate\Session\Middleware->handle(Object(Illuminate\Http\Request), 1, true)
#9 /home/hany/public_html/global/vendor/laravel/framework/src/Illuminate/Cookie/Guard.php(51): Illuminate\Cookie\Queue->handle(Object(Illuminate\Http\Request), 1, true)
#10 /home/hany/public_html/global/vendor/stack/builder/src/Stack/StackedHttpKernel.php(23): Illuminate\Cookie\Guard->handle(Object(Illuminate\Http\Request), 1, true)
#11 /home/hany/public_html/global/vendor/laravel/framework/src/Illuminate/Foundation/Application.php(606): Stack\StackedHttpKernel->handle(Object(Illuminate\Http\Request))
#12 /home/hany/public_html/global/index.php(49): Illuminate\Foundation\Application->run()
#13 {main} [] []
[2015-02-14 09:27:06] production.ERROR: exception 'Symfony\Component\HttpKernel\Exception\NotFoundHttpException' in /home/hany/public_html/global/vendor/laravel/framework/src/Illuminate/Routing/RouteCollection.php:140
Stack trace:
#0 /home/hany/public_html/global/vendor/laravel/framework/src/Illuminate/Routing/Router.php(1021): Illuminate\Routing\RouteCollection->match(Object(Illuminate\Http\Request))
#1 /home/hany/public_html/global/vendor/laravel/framework/src/Illuminate/Routing/Router.php(989): Illuminate\Routing\Router->findRoute(Object(Illuminate\Http\Request))
#2 /home/hany/public_html/global/vendor/laravel/framework/src/Illuminate/Routing/Router.php(968): Illuminate\Routing\Router->dispatchToRoute(Object(Illuminate\Http\Request))
#3 /home/hany/public_html/global/vendor/laravel/framework/src/Illuminate/Foundation/Application.php(738): Illuminate\Routing\Router->dispatch(Object(Illuminate\Http\Request))
#4 /home/hany/public_html/global/vendor/laravel/framework/src/Illuminate/Foundation/Application.php(708): Illuminate\Foundation\Application->dispatch(Object(Illuminate\Http\Request))
#5 /home/hany/public_html/global/vendor/barryvdh/laravel-debugbar/src/Barryvdh/Debugbar/Middleware.php(34): Illuminate\Foundation\Application->handle(Object(Illuminate\Http\Request), 1, true)
#6 /home/hany/public_html/global/vendor/laravel/framework/src/Illuminate/Http/FrameGuard.php(38): Barryvdh\Debugbar\Middleware->handle(Object(Illuminate\Http\Request), 1, true)
#7 /home/hany/public_html/global/vendor/laravel/framework/src/Illuminate/Session/Middleware.php(72): Illuminate\Http\FrameGuard->handle(Object(Illuminate\Http\Request), 1, true)
#8 /home/hany/public_html/global/vendor/laravel/framework/src/Illuminate/Cookie/Queue.php(47): Illuminate\Session\Middleware->handle(Object(Illuminate\Http\Request), 1, true)
#9 /home/hany/public_html/global/vendor/laravel/framework/src/Illuminate/Cookie/Guard.php(51): Illuminate\Cookie\Queue->handle(Object(Illuminate\Http\Request), 1, true)
#10 /home/hany/public_html/global/vendor/stack/builder/src/Stack/StackedHttpKernel.php(23): Illuminate\Cookie\Guard->handle(Object(Illuminate\Http\Request), 1, true)
#11 /home/hany/public_html/global/vendor/laravel/framework/src/Illuminate/Foundation/Application.php(606): Stack\StackedHttpKernel->handle(Object(Illuminate\Http\Request))
#12 /home/hany/public_html/global/index.php(49): Illuminate\Foundation\Application->run()
#13 {main} [] []
[2015-02-14 09:27:06] production.ERROR: exception 'Symfony\Component\HttpKernel\Exception\NotFoundHttpException' in /home/hany/public_html/global/vendor/laravel/framework/src/Illuminate/Routing/RouteCollection.php:140
Stack trace:
#0 /home/hany/public_html/global/vendor/laravel/framework/src/Illuminate/Routing/Router.php(1021): Illuminate\Routing\RouteCollection->match(Object(Illuminate\Http\Request))
#1 /home/hany/public_html/global/vendor/laravel/framework/src/Illuminate/Routing/Router.php(989): Illuminate\Routing\Router->findRoute(Object(Illuminate\Http\Request))
#2 /home/hany/public_html/global/vendor/laravel/framework/src/Illuminate/Routing/Router.php(968): Illuminate\Routing\Router->dispatchToRoute(Object(Illuminate\Http\Request))
#3 /home/hany/public_html/global/vendor/laravel/framework/src/Illuminate/Foundation/Application.php(738): Illuminate\Routing\Router->dispatch(Object(Illuminate\Http\Request))
#4 /home/hany/public_html/global/vendor/laravel/framework/src/Illuminate/Foundation/Application.php(708): Illuminate\Foundation\Application->dispatch(Object(Illuminate\Http\Request))
#5 /home/hany/public_html/global/vendor/barryvdh/laravel-debugbar/src/Barryvdh/Debugbar/Middleware.php(34): Illuminate\Foundation\Application->handle(Object(Illuminate\Http\Request), 1, true)
#6 /home/hany/public_html/global/vendor/laravel/framework/src/Illuminate/Http/FrameGuard.php(38): Barryvdh\Debugbar\Middleware->handle(Object(Illuminate\Http\Request), 1, true)
#7 /home/hany/public_html/global/vendor/laravel/framework/src/Illuminate/Session/Middleware.php(72): Illuminate\Http\FrameGuard->handle(Object(Illuminate\Http\Request), 1, true)
#8 /home/hany/public_html/global/vendor/laravel/framework/src/Illuminate/Cookie/Queue.php(47): Illuminate\Session\Middleware->handle(Object(Illuminate\Http\Request), 1, true)
#9 /home/hany/public_html/global/vendor/laravel/framework/src/Illuminate/Cookie/Guard.php(51): Illuminate\Cookie\Queue->handle(Object(Illuminate\Http\Request), 1, true)
#10 /home/hany/public_html/global/vendor/stack/builder/src/Stack/StackedHttpKernel.php(23): Illuminate\Cookie\Guard->handle(Object(Illuminate\Http\Request), 1, true)
#11 /home/hany/public_html/global/vendor/laravel/framework/src/Illuminate/Foundation/Application.php(606): Stack\StackedHttpKernel->handle(Object(Illuminate\Http\Request))
#12 /home/hany/public_html/global/index.php(49): Illuminate\Foundation\Application->run()
#13 {main} [] []
[2015-02-14 09:27:06] production.ERROR: exception 'Symfony\Component\HttpKernel\Exception\NotFoundHttpException' in /home/hany/public_html/global/vendor/laravel/framework/src/Illuminate/Routing/RouteCollection.php:140
Stack trace:
#0 /home/hany/public_html/global/vendor/laravel/framework/src/Illuminate/Routing/Router.php(1021): Illuminate\Routing\RouteCollection->match(Object(Illuminate\Http\Request))
#1 /home/hany/public_html/global/vendor/laravel/framework/src/Illuminate/Routing/Router.php(989): Illuminate\Routing\Router->findRoute(Object(Illuminate\Http\Request))
#2 /home/hany/public_html/global/vendor/laravel/framework/src/Illuminate/Routing/Router.php(968): Illuminate\Routing\Router->dispatchToRoute(Object(Illuminate\Http\Request))
#3 /home/hany/public_html/global/vendor/laravel/framework/src/Illuminate/Foundation/Application.php(738): Illuminate\Routing\Router->dispatch(Object(Illuminate\Http\Request))
#4 /home/hany/public_html/global/vendor/laravel/framework/src/Illuminate/Foundation/Application.php(708): Illuminate\Foundation\Application->dispatch(Object(Illuminate\Http\Request))
#5 /home/hany/public_html/global/vendor/barryvdh/laravel-debugbar/src/Barryvdh/Debugbar/Middleware.php(34): Illuminate\Foundation\Application->handle(Object(Illuminate\Http\Request), 1, true)
#6 /home/hany/public_html/global/vendor/laravel/framework/src/Illuminate/Http/FrameGuard.php(38): Barryvdh\Debugbar\Middleware->handle(Object(Illuminate\Http\Request), 1, true)
#7 /home/hany/public_html/global/vendor/laravel/framework/src/Illuminate/Session/Middleware.php(72): Illuminate\Http\FrameGuard->handle(Object(Illuminate\Http\Request), 1, true)
#8 /home/hany/public_html/global/vendor/laravel/framework/src/Illuminate/Cookie/Queue.php(47): Illuminate\Session\Middleware->handle(Object(Illuminate\Http\Request), 1, true)
#9 /home/hany/public_html/global/vendor/laravel/framework/src/Illuminate/Cookie/Guard.php(51): Illuminate\Cookie\Queue->handle(Object(Illuminate\Http\Request), 1, true)
#10 /home/hany/public_html/global/vendor/stack/builder/src/Stack/StackedHttpKernel.php(23): Illuminate\Cookie\Guard->handle(Object(Illuminate\Http\Request), 1, true)
#11 /home/hany/public_html/global/vendor/laravel/framework/src/Illuminate/Foundation/Application.php(606): Stack\StackedHttpKernel->handle(Object(Illuminate\Http\Request))
#12 /home/hany/public_html/global/index.php(49): Illuminate\Foundation\Application->run()
#13 {main} [] []
[2015-02-14 09:27:06] production.ERROR: exception 'Symfony\Component\HttpKernel\Exception\NotFoundHttpException' in /home/hany/public_html/global/vendor/laravel/framework/src/Illuminate/Routing/RouteCollection.php:140
Stack trace:
#0 /home/hany/public_html/global/vendor/laravel/framework/src/Illuminate/Routing/Router.php(1021): Illuminate\Routing\RouteCollection->match(Object(Illuminate\Http\Request))
#1 /home/hany/public_html/global/vendor/laravel/framework/src/Illuminate/Routing/Router.php(989): Illuminate\Routing\Router->findRoute(Object(Illuminate\Http\Request))
#2 /home/hany/public_html/global/vendor/laravel/framework/src/Illuminate/Routing/Router.php(968): Illuminate\Routing\Router->dispatchToRoute(Object(Illuminate\Http\Request))
#3 /home/hany/public_html/global/vendor/laravel/framework/src/Illuminate/Foundation/Application.php(738): Illuminate\Routing\Router->dispatch(Object(Illuminate\Http\Request))
#4 /home/hany/public_html/global/vendor/laravel/framework/src/Illuminate/Foundation/Application.php(708): Illuminate\Foundation\Application->dispatch(Object(Illuminate\Http\Request))
#5 /home/hany/public_html/global/vendor/barryvdh/laravel-debugbar/src/Barryvdh/Debugbar/Middleware.php(34): Illuminate\Foundation\Application->handle(Object(Illuminate\Http\Request), 1, true)
#6 /home/hany/public_html/global/vendor/laravel/framework/src/Illuminate/Http/FrameGuard.php(38): Barryvdh\Debugbar\Middleware->handle(Object(Illuminate\Http\Request), 1, true)
#7 /home/hany/public_html/global/vendor/laravel/framework/src/Illuminate/Session/Middleware.php(72): Illuminate\Http\FrameGuard->handle(Object(Illuminate\Http\Request), 1, true)
#8 /home/hany/public_html/global/vendor/laravel/framework/src/Illuminate/Cookie/Queue.php(47): Illuminate\Session\Middleware->handle(Object(Illuminate\Http\Request), 1, true)
#9 /home/hany/public_html/global/vendor/laravel/framework/src/Illuminate/Cookie/Guard.php(51): Illuminate\Cookie\Queue->handle(Object(Illuminate\Http\Request), 1, true)
#10 /home/hany/public_html/global/vendor/stack/builder/src/Stack/StackedHttpKernel.php(23): Illuminate\Cookie\Guard->handle(Object(Illuminate\Http\Request), 1, true)
#11 /home/hany/public_html/global/vendor/laravel/framework/src/Illuminate/Foundation/Application.php(606): Stack\StackedHttpKernel->handle(Object(Illuminate\Http\Request))
#12 /home/hany/public_html/global/index.php(49): Illuminate\Foundation\Application->run()
#13 {main} [] []
[2015-02-14 09:27:06] production.ERROR: exception 'Symfony\Component\HttpKernel\Exception\NotFoundHttpException' in /home/hany/public_html/global/vendor/laravel/framework/src/Illuminate/Routing/RouteCollection.php:140
Stack trace:
#0 /home/hany/public_html/global/vendor/laravel/framework/src/Illuminate/Routing/Router.php(1021): Illuminate\Routing\RouteCollection->match(Object(Illuminate\Http\Request))
#1 /home/hany/public_html/global/vendor/laravel/framework/src/Illuminate/Routing/Router.php(989): Illuminate\Routing\Router->findRoute(Object(Illuminate\Http\Request))
#2 /home/hany/public_html/global/vendor/laravel/framework/src/Illuminate/Routing/Router.php(968): Illuminate\Routing\Router->dispatchToRoute(Object(Illuminate\Http\Request))
#3 /home/hany/public_html/global/vendor/laravel/framework/src/Illuminate/Foundation/Application.php(738): Illuminate\Routing\Router->dispatch(Object(Illuminate\Http\Request))
#4 /home/hany/public_html/global/vendor/laravel/framework/src/Illuminate/Foundation/Application.php(708): Illuminate\Foundation\Application->dispatch(Object(Illuminate\Http\Request))
#5 /home/hany/public_html/global/vendor/barryvdh/laravel-debugbar/src/Barryvdh/Debugbar/Middleware.php(34): Illuminate\Foundation\Application->handle(Object(Illuminate\Http\Request), 1, true)
#6 /home/hany/public_html/global/vendor/laravel/framework/src/Illuminate/Http/FrameGuard.php(38): Barryvdh\Debugbar\Middleware->handle(Object(Illuminate\Http\Request), 1, true)
#7 /home/hany/public_html/global/vendor/laravel/framework/src/Illuminate/Session/Middleware.php(72): Illuminate\Http\FrameGuard->handle(Object(Illuminate\Http\Request), 1, true)
#8 /home/hany/public_html/global/vendor/laravel/framework/src/Illuminate/Cookie/Queue.php(47): Illuminate\Session\Middleware->handle(Object(Illuminate\Http\Request), 1, true)
#9 /home/hany/public_html/global/vendor/laravel/framework/src/Illuminate/Cookie/Guard.php(51): Illuminate\Cookie\Queue->handle(Object(Illuminate\Http\Request), 1, true)
#10 /home/hany/public_html/global/vendor/stack/builder/src/Stack/StackedHttpKernel.php(23): Illuminate\Cookie\Guard->handle(Object(Illuminate\Http\Request), 1, true)
#11 /home/hany/public_html/global/vendor/laravel/framework/src/Illuminate/Foundation/Application.php(606): Stack\StackedHttpKernel->handle(Object(Illuminate\Http\Request))
#12 /home/hany/public_html/global/index.php(49): Illuminate\Foundation\Application->run()
#13 {main} [] []
[2015-02-14 09:27:07] production.ERROR: exception 'Symfony\Component\HttpKernel\Exception\NotFoundHttpException' in /home/hany/public_html/global/vendor/laravel/framework/src/Illuminate/Routing/RouteCollection.php:140
Stack trace:
#0 /home/hany/public_html/global/vendor/laravel/framework/src/Illuminate/Routing/Router.php(1021): Illuminate\Routing\RouteCollection->match(Object(Illuminate\Http\Request))
#1 /home/hany/public_html/global/vendor/laravel/framework/src/Illuminate/Routing/Router.php(989): Illuminate\Routing\Router->findRoute(Object(Illuminate\Http\Request))
#2 /home/hany/public_html/global/vendor/laravel/framework/src/Illuminate/Routing/Router.php(968): Illuminate\Routing\Router->dispatchToRoute(Object(Illuminate\Http\Request))
#3 /home/hany/public_html/global/vendor/laravel/framework/src/Illuminate/Foundation/Application.php(738): Illuminate\Routing\Router->dispatch(Object(Illuminate\Http\Request))
#4 /home/hany/public_html/global/vendor/laravel/framework/src/Illuminate/Foundation/Application.php(708): Illuminate\Foundation\Application->dispatch(Object(Illuminate\Http\Request))
#5 /home/hany/public_html/global/vendor/barryvdh/laravel-debugbar/src/Barryvdh/Debugbar/Middleware.php(34): Illuminate\Foundation\Application->handle(Object(Illuminate\Http\Request), 1, true)
#6 /home/hany/public_html/global/vendor/laravel/framework/src/Illuminate/Http/FrameGuard.php(38): Barryvdh\Debugbar\Middleware->handle(Object(Illuminate\Http\Request), 1, true)
#7 /home/hany/public_html/global/vendor/laravel/framework/src/Illuminate/Session/Middleware.php(72): Illuminate\Http\FrameGuard->handle(Object(Illuminate\Http\Request), 1, true)
#8 /home/hany/public_html/global/vendor/laravel/framework/src/Illuminate/Cookie/Queue.php(47): Illuminate\Session\Middleware->handle(Object(Illuminate\Http\Request), 1, true)
#9 /home/hany/public_html/global/vendor/laravel/framework/src/Illuminate/Cookie/Guard.php(51): Illuminate\Cookie\Queue->handle(Object(Illuminate\Http\Request), 1, true)
#10 /home/hany/public_html/global/vendor/stack/builder/src/Stack/StackedHttpKernel.php(23): Illuminate\Cookie\Guard->handle(Object(Illuminate\Http\Request), 1, true)
#11 /home/hany/public_html/global/vendor/laravel/framework/src/Illuminate/Foundation/Application.php(606): Stack\StackedHttpKernel->handle(Object(Illuminate\Http\Request))
#12 /home/hany/public_html/global/index.php(49): Illuminate\Foundation\Application->run()
#13 {main} [] []
[2015-02-14 09:27:07] production.ERROR: exception 'Symfony\Component\HttpKernel\Exception\NotFoundHttpException' in /home/hany/public_html/global/vendor/laravel/framework/src/Illuminate/Routing/RouteCollection.php:140
Stack trace:
#0 /home/hany/public_html/global/vendor/laravel/framework/src/Illuminate/Routing/Router.php(1021): Illuminate\Routing\RouteCollection->match(Object(Illuminate\Http\Request))
#1 /home/hany/public_html/global/vendor/laravel/framework/src/Illuminate/Routing/Router.php(989): Illuminate\Routing\Router->findRoute(Object(Illuminate\Http\Request))
#2 /home/hany/public_html/global/vendor/laravel/framework/src/Illuminate/Routing/Router.php(968): Illuminate\Routing\Router->dispatchToRoute(Object(Illuminate\Http\Request))
#3 /home/hany/public_html/global/vendor/laravel/framework/src/Illuminate/Foundation/Application.php(738): Illuminate\Routing\Router->dispatch(Object(Illuminate\Http\Request))
#4 /home/hany/public_html/global/vendor/laravel/framework/src/Illuminate/Foundation/Application.php(708): Illuminate\Foundation\Application->dispatch(Object(Illuminate\Http\Request))
#5 /home/hany/public_html/global/vendor/barryvdh/laravel-debugbar/src/Barryvdh/Debugbar/Middleware.php(34): Illuminate\Foundation\Application->handle(Object(Illuminate\Http\Request), 1, true)
#6 /home/hany/public_html/global/vendor/laravel/framework/src/Illuminate/Http/FrameGuard.php(38): Barryvdh\Debugbar\Middleware->handle(Object(Illuminate\Http\Request), 1, true)
#7 /home/hany/public_html/global/vendor/laravel/framework/src/Illuminate/Session/Middleware.php(72): Illuminate\Http\FrameGuard->handle(Object(Illuminate\Http\Request), 1, true)
#8 /home/hany/public_html/global/vendor/laravel/framework/src/Illuminate/Cookie/Queue.php(47): Illuminate\Session\Middleware->handle(Object(Illuminate\Http\Request), 1, true)
#9 /home/hany/public_html/global/vendor/laravel/framework/src/Illuminate/Cookie/Guard.php(51): Illuminate\Cookie\Queue->handle(Object(Illuminate\Http\Request), 1, true)
#10 /home/hany/public_html/global/vendor/stack/builder/src/Stack/StackedHttpKernel.php(23): Illuminate\Cookie\Guard->handle(Object(Illuminate\Http\Request), 1, true)
#11 /home/hany/public_html/global/vendor/laravel/framework/src/Illuminate/Foundation/Application.php(606): Stack\StackedHttpKernel->handle(Object(Illuminate\Http\Request))
#12 /home/hany/public_html/global/index.php(49): Illuminate\Foundation\Application->run()
#13 {main} [] []
[2015-02-14 09:27:07] production.ERROR: exception 'Symfony\Component\HttpKernel\Exception\NotFoundHttpException' in /home/hany/public_html/global/vendor/laravel/framework/src/Illuminate/Routing/RouteCollection.php:140
Stack trace:
#0 /home/hany/public_html/global/vendor/laravel/framework/src/Illuminate/Routing/Router.php(1021): Illuminate\Routing\RouteCollection->match(Object(Illuminate\Http\Request))
#1 /home/hany/public_html/global/vendor/laravel/framework/src/Illuminate/Routing/Router.php(989): Illuminate\Routing\Router->findRoute(Object(Illuminate\Http\Request))
#2 /home/hany/public_html/global/vendor/laravel/framework/src/Illuminate/Routing/Router.php(968): Illuminate\Routing\Router->dispatchToRoute(Object(Illuminate\Http\Request))
#3 /home/hany/public_html/global/vendor/laravel/framework/src/Illuminate/Foundation/Application.php(738): Illuminate\Routing\Router->dispatch(Object(Illuminate\Http\Request))
#4 /home/hany/public_html/global/vendor/laravel/framework/src/Illuminate/Foundation/Application.php(708): Illuminate\Foundation\Application->dispatch(Object(Illuminate\Http\Request))
#5 /home/hany/public_html/global/vendor/barryvdh/laravel-debugbar/src/Barryvdh/Debugbar/Middleware.php(34): Illuminate\Foundation\Application->handle(Object(Illuminate\Http\Request), 1, true)
#6 /home/hany/public_html/global/vendor/laravel/framework/src/Illuminate/Http/FrameGuard.php(38): Barryvdh\Debugbar\Middleware->handle(Object(Illuminate\Http\Request), 1, true)
#7 /home/hany/public_html/global/vendor/laravel/framework/src/Illuminate/Session/Middleware.php(72): Illuminate\Http\FrameGuard->handle(Object(Illuminate\Http\Request), 1, true)
#8 /home/hany/public_html/global/vendor/laravel/framework/src/Illuminate/Cookie/Queue.php(47): Illuminate\Session\Middleware->handle(Object(Illuminate\Http\Request), 1, true)
#9 /home/hany/public_html/global/vendor/laravel/framework/src/Illuminate/Cookie/Guard.php(51): Illuminate\Cookie\Queue->handle(Object(Illuminate\Http\Request), 1, true)
#10 /home/hany/public_html/global/vendor/stack/builder/src/Stack/StackedHttpKernel.php(23): Illuminate\Cookie\Guard->handle(Object(Illuminate\Http\Request), 1, true)
#11 /home/hany/public_html/global/vendor/laravel/framework/src/Illuminate/Foundation/Application.php(606): Stack\StackedHttpKernel->handle(Object(Illuminate\Http\Request))
#12 /home/hany/public_html/global/index.php(49): Illuminate\Foundation\Application->run()
#13 {main} [] []
[2015-02-14 09:27:07] production.ERROR: exception 'Symfony\Component\HttpKernel\Exception\NotFoundHttpException' in /home/hany/public_html/global/vendor/laravel/framework/src/Illuminate/Routing/RouteCollection.php:140
Stack trace:
#0 /home/hany/public_html/global/vendor/laravel/framework/src/Illuminate/Routing/Router.php(1021): Illuminate\Routing\RouteCollection->match(Object(Illuminate\Http\Request))
#1 /home/hany/public_html/global/vendor/laravel/framework/src/Illuminate/Routing/Router.php(989): Illuminate\Routing\Router->findRoute(Object(Illuminate\Http\Request))
#2 /home/hany/public_html/global/vendor/laravel/framework/src/Illuminate/Routing/Router.php(968): Illuminate\Routing\Router->dispatchToRoute(Object(Illuminate\Http\Request))
#3 /home/hany/public_html/global/vendor/laravel/framework/src/Illuminate/Foundation/Application.php(738): Illuminate\Routing\Router->dispatch(Object(Illuminate\Http\Request))
#4 /home/hany/public_html/global/vendor/laravel/framework/src/Illuminate/Foundation/Application.php(708): Illuminate\Foundation\Application->dispatch(Object(Illuminate\Http\Request))
#5 /home/hany/public_html/global/vendor/barryvdh/laravel-debugbar/src/Barryvdh/Debugbar/Middleware.php(34): Illuminate\Foundation\Application->handle(Object(Illuminate\Http\Request), 1, true)
#6 /home/hany/public_html/global/vendor/laravel/framework/src/Illuminate/Http/FrameGuard.php(38): Barryvdh\Debugbar\Middleware->handle(Object(Illuminate\Http\Request), 1, true)
#7 /home/hany/public_html/global/vendor/laravel/framework/src/Illuminate/Session/Middleware.php(72): Illuminate\Http\FrameGuard->handle(Object(Illuminate\Http\Request), 1, true)
#8 /home/hany/public_html/global/vendor/laravel/framework/src/Illuminate/Cookie/Queue.php(47): Illuminate\Session\Middleware->handle(Object(Illuminate\Http\Request), 1, true)
#9 /home/hany/public_html/global/vendor/laravel/framework/src/Illuminate/Cookie/Guard.php(51): Illuminate\Cookie\Queue->handle(Object(Illuminate\Http\Request), 1, true)
#10 /home/hany/public_html/global/vendor/stack/builder/src/Stack/StackedHttpKernel.php(23): Illuminate\Cookie\Guard->handle(Object(Illuminate\Http\Request), 1, true)
#11 /home/hany/public_html/global/vendor/laravel/framework/src/Illuminate/Foundation/Application.php(606): Stack\StackedHttpKernel->handle(Object(Illuminate\Http\Request))
#12 /home/hany/public_html/global/index.php(49): Illuminate\Foundation\Application->run()
#13 {main} [] []
[2015-02-14 09:27:07] production.ERROR: exception 'Symfony\Component\HttpKernel\Exception\NotFoundHttpException' in /home/hany/public_html/global/vendor/laravel/framework/src/Illuminate/Routing/RouteCollection.php:140
Stack trace:
#0 /home/hany/public_html/global/vendor/laravel/framework/src/Illuminate/Routing/Router.php(1021): Illuminate\Routing\RouteCollection->match(Object(Illuminate\Http\Request))
#1 /home/hany/public_html/global/vendor/laravel/framework/src/Illuminate/Routing/Router.php(989): Illuminate\Routing\Router->findRoute(Object(Illuminate\Http\Request))
#2 /home/hany/public_html/global/vendor/laravel/framework/src/Illuminate/Routing/Router.php(968): Illuminate\Routing\Router->dispatchToRoute(Object(Illuminate\Http\Request))
#3 /home/hany/public_html/global/vendor/laravel/framework/src/Illuminate/Foundation/Application.php(738): Illuminate\Routing\Router->dispatch(Object(Illuminate\Http\Request))
#4 /home/hany/public_html/global/vendor/laravel/framework/src/Illuminate/Foundation/Application.php(708): Illuminate\Foundation\Application->dispatch(Object(Illuminate\Http\Request))
#5 /home/hany/public_html/global/vendor/barryvdh/laravel-debugbar/src/Barryvdh/Debugbar/Middleware.php(34): Illuminate\Foundation\Application->handle(Object(Illuminate\Http\Request), 1, true)
#6 /home/hany/public_html/global/vendor/laravel/framework/src/Illuminate/Http/FrameGuard.php(38): Barryvdh\Debugbar\Middleware->handle(Object(Illuminate\Http\Request), 1, true)
#7 /home/hany/public_html/global/vendor/laravel/framework/src/Illuminate/Session/Middleware.php(72): Illuminate\Http\FrameGuard->handle(Object(Illuminate\Http\Request), 1, true)
#8 /home/hany/public_html/global/vendor/laravel/framework/src/Illuminate/Cookie/Queue.php(47): Illuminate\Session\Middleware->handle(Object(Illuminate\Http\Request), 1, true)
#9 /home/hany/public_html/global/vendor/laravel/framework/src/Illuminate/Cookie/Guard.php(51): Illuminate\Cookie\Queue->handle(Object(Illuminate\Http\Request), 1, true)
#10 /home/hany/public_html/global/vendor/stack/builder/src/Stack/StackedHttpKernel.php(23): Illuminate\Cookie\Guard->handle(Object(Illuminate\Http\Request), 1, true)
#11 /home/hany/public_html/global/vendor/laravel/framework/src/Illuminate/Foundation/Application.php(606): Stack\StackedHttpKernel->handle(Object(Illuminate\Http\Request))
#12 /home/hany/public_html/global/index.php(49): Illuminate\Foundation\Application->run()
#13 {main} [] []
[2015-02-14 09:27:07] production.ERROR: exception 'Symfony\Component\HttpKernel\Exception\NotFoundHttpException' in /home/hany/public_html/global/vendor/laravel/framework/src/Illuminate/Routing/RouteCollection.php:140
Stack trace:
#0 /home/hany/public_html/global/vendor/laravel/framework/src/Illuminate/Routing/Router.php(1021): Illuminate\Routing\RouteCollection->match(Object(Illuminate\Http\Request))
#1 /home/hany/public_html/global/vendor/laravel/framework/src/Illuminate/Routing/Router.php(989): Illuminate\Routing\Router->findRoute(Object(Illuminate\Http\Request))
#2 /home/hany/public_html/global/vendor/laravel/framework/src/Illuminate/Routing/Router.php(968): Illuminate\Routing\Router->dispatchToRoute(Object(Illuminate\Http\Request))
#3 /home/hany/public_html/global/vendor/laravel/framework/src/Illuminate/Foundation/Application.php(738): Illuminate\Routing\Router->dispatch(Object(Illuminate\Http\Request))
#4 /home/hany/public_html/global/vendor/laravel/framework/src/Illuminate/Foundation/Application.php(708): Illuminate\Foundation\Application->dispatch(Object(Illuminate\Http\Request))
#5 /home/hany/public_html/global/vendor/barryvdh/laravel-debugbar/src/Barryvdh/Debugbar/Middleware.php(34): Illuminate\Foundation\Application->handle(Object(Illuminate\Http\Request), 1, true)
#6 /home/hany/public_html/global/vendor/laravel/framework/src/Illuminate/Http/FrameGuard.php(38): Barryvdh\Debugbar\Middleware->handle(Object(Illuminate\Http\Request), 1, true)
#7 /home/hany/public_html/global/vendor/laravel/framework/src/Illuminate/Session/Middleware.php(72): Illuminate\Http\FrameGuard->handle(Object(Illuminate\Http\Request), 1, true)
#8 /home/hany/public_html/global/vendor/laravel/framework/src/Illuminate/Cookie/Queue.php(47): Illuminate\Session\Middleware->handle(Object(Illuminate\Http\Request), 1, true)
#9 /home/hany/public_html/global/vendor/laravel/framework/src/Illuminate/Cookie/Guard.php(51): Illuminate\Cookie\Queue->handle(Object(Illuminate\Http\Request), 1, true)
#10 /home/hany/public_html/global/vendor/stack/builder/src/Stack/StackedHttpKernel.php(23): Illuminate\Cookie\Guard->handle(Object(Illuminate\Http\Request), 1, true)
#11 /home/hany/public_html/global/vendor/laravel/framework/src/Illuminate/Foundation/Application.php(606): Stack\StackedHttpKernel->handle(Object(Illuminate\Http\Request))
#12 /home/hany/public_html/global/index.php(49): Illuminate\Foundation\Application->run()
#13 {main} [] []
[2015-02-14 09:27:07] production.ERROR: exception 'Symfony\Component\HttpKernel\Exception\NotFoundHttpException' in /home/hany/public_html/global/vendor/laravel/framework/src/Illuminate/Routing/RouteCollection.php:140
Stack trace:
#0 /home/hany/public_html/global/vendor/laravel/framework/src/Illuminate/Routing/Router.php(1021): Illuminate\Routing\RouteCollection->match(Object(Illuminate\Http\Request))
#1 /home/hany/public_html/global/vendor/laravel/framework/src/Illuminate/Routing/Router.php(989): Illuminate\Routing\Router->findRoute(Object(Illuminate\Http\Request))
#2 /home/hany/public_html/global/vendor/laravel/framework/src/Illuminate/Routing/Router.php(968): Illuminate\Routing\Router->dispatchToRoute(Object(Illuminate\Http\Request))
#3 /home/hany/public_html/global/vendor/laravel/framework/src/Illuminate/Foundation/Application.php(738): Illuminate\Routing\Router->dispatch(Object(Illuminate\Http\Request))
#4 /home/hany/public_html/global/vendor/laravel/framework/src/Illuminate/Foundation/Application.php(708): Illuminate\Foundation\Application->dispatch(Object(Illuminate\Http\Request))
#5 /home/hany/public_html/global/vendor/barryvdh/laravel-debugbar/src/Barryvdh/Debugbar/Middleware.php(34): Illuminate\Foundation\Application->handle(Object(Illuminate\Http\Request), 1, true)
#6 /home/hany/public_html/global/vendor/laravel/framework/src/Illuminate/Http/FrameGuard.php(38): Barryvdh\Debugbar\Middleware->handle(Object(Illuminate\Http\Request), 1, true)
#7 /home/hany/public_html/global/vendor/laravel/framework/src/Illuminate/Session/Middleware.php(72): Illuminate\Http\FrameGuard->handle(Object(Illuminate\Http\Request), 1, true)
#8 /home/hany/public_html/global/vendor/laravel/framework/src/Illuminate/Cookie/Queue.php(47): Illuminate\Session\Middleware->handle(Object(Illuminate\Http\Request), 1, true)
#9 /home/hany/public_html/global/vendor/laravel/framework/src/Illuminate/Cookie/Guard.php(51): Illuminate\Cookie\Queue->handle(Object(Illuminate\Http\Request), 1, true)
#10 /home/hany/public_html/global/vendor/stack/builder/src/Stack/StackedHttpKernel.php(23): Illuminate\Cookie\Guard->handle(Object(Illuminate\Http\Request), 1, true)
#11 /home/hany/public_html/global/vendor/laravel/framework/src/Illuminate/Foundation/Application.php(606): Stack\StackedHttpKernel->handle(Object(Illuminate\Http\Request))
#12 /home/hany/public_html/global/index.php(49): Illuminate\Foundation\Application->run()
#13 {main} [] []
[2015-02-14 09:27:07] production.ERROR: exception 'Symfony\Component\HttpKernel\Exception\NotFoundHttpException' in /home/hany/public_html/global/vendor/laravel/framework/src/Illuminate/Routing/RouteCollection.php:140
Stack trace:
#0 /home/hany/public_html/global/vendor/laravel/framework/src/Illuminate/Routing/Router.php(1021): Illuminate\Routing\RouteCollection->match(Object(Illuminate\Http\Request))
#1 /home/hany/public_html/global/vendor/laravel/framework/src/Illuminate/Routing/Router.php(989): Illuminate\Routing\Router->findRoute(Object(Illuminate\Http\Request))
#2 /home/hany/public_html/global/vendor/laravel/framework/src/Illuminate/Routing/Router.php(968): Illuminate\Routing\Router->dispatchToRoute(Object(Illuminate\Http\Request))
#3 /home/hany/public_html/global/vendor/laravel/framework/src/Illuminate/Foundation/Application.php(738): Illuminate\Routing\Router->dispatch(Object(Illuminate\Http\Request))
#4 /home/hany/public_html/global/vendor/laravel/framework/src/Illuminate/Foundation/Application.php(708): Illuminate\Foundation\Application->dispatch(Object(Illuminate\Http\Request))
#5 /home/hany/public_html/global/vendor/barryvdh/laravel-debugbar/src/Barryvdh/Debugbar/Middleware.php(34): Illuminate\Foundation\Application->handle(Object(Illuminate\Http\Request), 1, true)
#6 /home/hany/public_html/global/vendor/laravel/framework/src/Illuminate/Http/FrameGuard.php(38): Barryvdh\Debugbar\Middleware->handle(Object(Illuminate\Http\Request), 1, true)
#7 /home/hany/public_html/global/vendor/laravel/framework/src/Illuminate/Session/Middleware.php(72): Illuminate\Http\FrameGuard->handle(Object(Illuminate\Http\Request), 1, true)
#8 /home/hany/public_html/global/vendor/laravel/framework/src/Illuminate/Cookie/Queue.php(47): Illuminate\Session\Middleware->handle(Object(Illuminate\Http\Request), 1, true)
#9 /home/hany/public_html/global/vendor/laravel/framework/src/Illuminate/Cookie/Guard.php(51): Illuminate\Cookie\Queue->handle(Object(Illuminate\Http\Request), 1, true)
#10 /home/hany/public_html/global/vendor/stack/builder/src/Stack/StackedHttpKernel.php(23): Illuminate\Cookie\Guard->handle(Object(Illuminate\Http\Request), 1, true)
#11 /home/hany/public_html/global/vendor/laravel/framework/src/Illuminate/Foundation/Application.php(606): Stack\StackedHttpKernel->handle(Object(Illuminate\Http\Request))
#12 /home/hany/public_html/global/index.php(49): Illuminate\Foundation\Application->run()
#13 {main} [] []
[2015-02-14 09:27:10] production.ERROR: exception 'Symfony\Component\HttpKernel\Exception\NotFoundHttpException' in /home/hany/public_html/global/vendor/laravel/framework/src/Illuminate/Routing/RouteCollection.php:140
Stack trace:
#0 /home/hany/public_html/global/vendor/laravel/framework/src/Illuminate/Routing/Router.php(1021): Illuminate\Routing\RouteCollection->match(Object(Illuminate\Http\Request))
#1 /home/hany/public_html/global/vendor/laravel/framework/src/Illuminate/Routing/Router.php(989): Illuminate\Routing\Router->findRoute(Object(Illuminate\Http\Request))
#2 /home/hany/public_html/global/vendor/laravel/framework/src/Illuminate/Routing/Router.php(968): Illuminate\Routing\Router->dispatchToRoute(Object(Illuminate\Http\Request))
#3 /home/hany/public_html/global/vendor/laravel/framework/src/Illuminate/Foundation/Application.php(738): Illuminate\Routing\Router->dispatch(Object(Illuminate\Http\Request))
#4 /home/hany/public_html/global/vendor/laravel/framework/src/Illuminate/Foundation/Application.php(708): Illuminate\Foundation\Application->dispatch(Object(Illuminate\Http\Request))
#5 /home/hany/public_html/global/vendor/barryvdh/laravel-debugbar/src/Barryvdh/Debugbar/Middleware.php(34): Illuminate\Foundation\Application->handle(Object(Illuminate\Http\Request), 1, true)
#6 /home/hany/public_html/global/vendor/laravel/framework/src/Illuminate/Http/FrameGuard.php(38): Barryvdh\Debugbar\Middleware->handle(Object(Illuminate\Http\Request), 1, true)
#7 /home/hany/public_html/global/vendor/laravel/framework/src/Illuminate/Session/Middleware.php(72): Illuminate\Http\FrameGuard->handle(Object(Illuminate\Http\Request), 1, true)
#8 /home/hany/public_html/global/vendor/laravel/framework/src/Illuminate/Cookie/Queue.php(47): Illuminate\Session\Middleware->handle(Object(Illuminate\Http\Request), 1, true)
#9 /home/hany/public_html/global/vendor/laravel/framework/src/Illuminate/Cookie/Guard.php(51): Illuminate\Cookie\Queue->handle(Object(Illuminate\Http\Request), 1, true)
#10 /home/hany/public_html/global/vendor/stack/builder/src/Stack/StackedHttpKernel.php(23): Illuminate\Cookie\Guard->handle(Object(Illuminate\Http\Request), 1, true)
#11 /home/hany/public_html/global/vendor/laravel/framework/src/Illuminate/Foundation/Application.php(606): Stack\StackedHttpKernel->handle(Object(Illuminate\Http\Request))
#12 /home/hany/public_html/global/index.php(49): Illuminate\Foundation\Application->run()
#13 {main} [] []
[2015-02-14 09:27:10] production.ERROR: exception 'Symfony\Component\HttpKernel\Exception\NotFoundHttpException' in /home/hany/public_html/global/vendor/laravel/framework/src/Illuminate/Routing/RouteCollection.php:140
Stack trace:
#0 /home/hany/public_html/global/vendor/laravel/framework/src/Illuminate/Routing/Router.php(1021): Illuminate\Routing\RouteCollection->match(Object(Illuminate\Http\Request))
#1 /home/hany/public_html/global/vendor/laravel/framework/src/Illuminate/Routing/Router.php(989): Illuminate\Routing\Router->findRoute(Object(Illuminate\Http\Request))
#2 /home/hany/public_html/global/vendor/laravel/framework/src/Illuminate/Routing/Router.php(968): Illuminate\Routing\Router->dispatchToRoute(Object(Illuminate\Http\Request))
#3 /home/hany/public_html/global/vendor/laravel/framework/src/Illuminate/Foundation/Application.php(738): Illuminate\Routing\Router->dispatch(Object(Illuminate\Http\Request))
#4 /home/hany/public_html/global/vendor/laravel/framework/src/Illuminate/Foundation/Application.php(708): Illuminate\Foundation\Application->dispatch(Object(Illuminate\Http\Request))
#5 /home/hany/public_html/global/vendor/barryvdh/laravel-debugbar/src/Barryvdh/Debugbar/Middleware.php(34): Illuminate\Foundation\Application->handle(Object(Illuminate\Http\Request), 1, true)
#6 /home/hany/public_html/global/vendor/laravel/framework/src/Illuminate/Http/FrameGuard.php(38): Barryvdh\Debugbar\Middleware->handle(Object(Illuminate\Http\Request), 1, true)
#7 /home/hany/public_html/global/vendor/laravel/framework/src/Illuminate/Session/Middleware.php(72): Illuminate\Http\FrameGuard->handle(Object(Illuminate\Http\Request), 1, true)
#8 /home/hany/public_html/global/vendor/laravel/framework/src/Illuminate/Cookie/Queue.php(47): Illuminate\Session\Middleware->handle(Object(Illuminate\Http\Request), 1, true)
#9 /home/hany/public_html/global/vendor/laravel/framework/src/Illuminate/Cookie/Guard.php(51): Illuminate\Cookie\Queue->handle(Object(Illuminate\Http\Request), 1, true)
#10 /home/hany/public_html/global/vendor/stack/builder/src/Stack/StackedHttpKernel.php(23): Illuminate\Cookie\Guard->handle(Object(Illuminate\Http\Request), 1, true)
#11 /home/hany/public_html/global/vendor/laravel/framework/src/Illuminate/Foundation/Application.php(606): Stack\StackedHttpKernel->handle(Object(Illuminate\Http\Request))
#12 /home/hany/public_html/global/index.php(49): Illuminate\Foundation\Application->run()
#13 {main} [] []
[2015-02-14 09:27:11] production.ERROR: exception 'Symfony\Component\HttpKernel\Exception\NotFoundHttpException' in /home/hany/public_html/global/vendor/laravel/framework/src/Illuminate/Routing/RouteCollection.php:140
Stack trace:
#0 /home/hany/public_html/global/vendor/laravel/framework/src/Illuminate/Routing/Router.php(1021): Illuminate\Routing\RouteCollection->match(Object(Illuminate\Http\Request))
#1 /home/hany/public_html/global/vendor/laravel/framework/src/Illuminate/Routing/Router.php(989): Illuminate\Routing\Router->findRoute(Object(Illuminate\Http\Request))
#2 /home/hany/public_html/global/vendor/laravel/framework/src/Illuminate/Routing/Router.php(968): Illuminate\Routing\Router->dispatchToRoute(Object(Illuminate\Http\Request))
#3 /home/hany/public_html/global/vendor/laravel/framework/src/Illuminate/Foundation/Application.php(738): Illuminate\Routing\Router->dispatch(Object(Illuminate\Http\Request))
#4 /home/hany/public_html/global/vendor/laravel/framework/src/Illuminate/Foundation/Application.php(708): Illuminate\Foundation\Application->dispatch(Object(Illuminate\Http\Request))
#5 /home/hany/public_html/global/vendor/barryvdh/laravel-debugbar/src/Barryvdh/Debugbar/Middleware.php(34): Illuminate\Foundation\Application->handle(Object(Illuminate\Http\Request), 1, true)
#6 /home/hany/public_html/global/vendor/laravel/framework/src/Illuminate/Http/FrameGuard.php(38): Barryvdh\Debugbar\Middleware->handle(Object(Illuminate\Http\Request), 1, true)
#7 /home/hany/public_html/global/vendor/laravel/framework/src/Illuminate/Session/Middleware.php(72): Illuminate\Http\FrameGuard->handle(Object(Illuminate\Http\Request), 1, true)
#8 /home/hany/public_html/global/vendor/laravel/framework/src/Illuminate/Cookie/Queue.php(47): Illuminate\Session\Middleware->handle(Object(Illuminate\Http\Request), 1, true)
#9 /home/hany/public_html/global/vendor/laravel/framework/src/Illuminate/Cookie/Guard.php(51): Illuminate\Cookie\Queue->handle(Object(Illuminate\Http\Request), 1, true)
#10 /home/hany/public_html/global/vendor/stack/builder/src/Stack/StackedHttpKernel.php(23): Illuminate\Cookie\Guard->handle(Object(Illuminate\Http\Request), 1, true)
#11 /home/hany/public_html/global/vendor/laravel/framework/src/Illuminate/Foundation/Application.php(606): Stack\StackedHttpKernel->handle(Object(Illuminate\Http\Request))
#12 /home/hany/public_html/global/index.php(49): Illuminate\Foundation\Application->run()
#13 {main} [] []
[2015-02-14 09:27:11] production.ERROR: exception 'Symfony\Component\HttpKernel\Exception\NotFoundHttpException' in /home/hany/public_html/global/vendor/laravel/framework/src/Illuminate/Routing/RouteCollection.php:140
Stack trace:
#0 /home/hany/public_html/global/vendor/laravel/framework/src/Illuminate/Routing/Router.php(1021): Illuminate\Routing\RouteCollection->match(Object(Illuminate\Http\Request))
#1 /home/hany/public_html/global/vendor/laravel/framework/src/Illuminate/Routing/Router.php(989): Illuminate\Routing\Router->findRoute(Object(Illuminate\Http\Request))
#2 /home/hany/public_html/global/vendor/laravel/framework/src/Illuminate/Routing/Router.php(968): Illuminate\Routing\Router->dispatchToRoute(Object(Illuminate\Http\Request))
#3 /home/hany/public_html/global/vendor/laravel/framework/src/Illuminate/Foundation/Application.php(738): Illuminate\Routing\Router->dispatch(Object(Illuminate\Http\Request))
#4 /home/hany/public_html/global/vendor/laravel/framework/src/Illuminate/Foundation/Application.php(708): Illuminate\Foundation\Application->dispatch(Object(Illuminate\Http\Request))
#5 /home/hany/public_html/global/vendor/barryvdh/laravel-debugbar/src/Barryvdh/Debugbar/Middleware.php(34): Illuminate\Foundation\Application->handle(Object(Illuminate\Http\Request), 1, true)
#6 /home/hany/public_html/global/vendor/laravel/framework/src/Illuminate/Http/FrameGuard.php(38): Barryvdh\Debugbar\Middleware->handle(Object(Illuminate\Http\Request), 1, true)
#7 /home/hany/public_html/global/vendor/laravel/framework/src/Illuminate/Session/Middleware.php(72): Illuminate\Http\FrameGuard->handle(Object(Illuminate\Http\Request), 1, true)
#8 /home/hany/public_html/global/vendor/laravel/framework/src/Illuminate/Cookie/Queue.php(47): Illuminate\Session\Middleware->handle(Object(Illuminate\Http\Request), 1, true)
#9 /home/hany/public_html/global/vendor/laravel/framework/src/Illuminate/Cookie/Guard.php(51): Illuminate\Cookie\Queue->handle(Object(Illuminate\Http\Request), 1, true)
#10 /home/hany/public_html/global/vendor/stack/builder/src/Stack/StackedHttpKernel.php(23): Illuminate\Cookie\Guard->handle(Object(Illuminate\Http\Request), 1, true)
#11 /home/hany/public_html/global/vendor/laravel/framework/src/Illuminate/Foundation/Application.php(606): Stack\StackedHttpKernel->handle(Object(Illuminate\Http\Request))
#12 /home/hany/public_html/global/index.php(49): Illuminate\Foundation\Application->run()
#13 {main} [] []
[2015-02-14 09:27:11] production.ERROR: exception 'Symfony\Component\HttpKernel\Exception\NotFoundHttpException' in /home/hany/public_html/global/vendor/laravel/framework/src/Illuminate/Routing/RouteCollection.php:140
Stack trace:
#0 /home/hany/public_html/global/vendor/laravel/framework/src/Illuminate/Routing/Router.php(1021): Illuminate\Routing\RouteCollection->match(Object(Illuminate\Http\Request))
#1 /home/hany/public_html/global/vendor/laravel/framework/src/Illuminate/Routing/Router.php(989): Illuminate\Routing\Router->findRoute(Object(Illuminate\Http\Request))
#2 /home/hany/public_html/global/vendor/laravel/framework/src/Illuminate/Routing/Router.php(968): Illuminate\Routing\Router->dispatchToRoute(Object(Illuminate\Http\Request))
#3 /home/hany/public_html/global/vendor/laravel/framework/src/Illuminate/Foundation/Application.php(738): Illuminate\Routing\Router->dispatch(Object(Illuminate\Http\Request))
#4 /home/hany/public_html/global/vendor/laravel/framework/src/Illuminate/Foundation/Application.php(708): Illuminate\Foundation\Application->dispatch(Object(Illuminate\Http\Request))
#5 /home/hany/public_html/global/vendor/barryvdh/laravel-debugbar/src/Barryvdh/Debugbar/Middleware.php(34): Illuminate\Foundation\Application->handle(Object(Illuminate\Http\Request), 1, true)
#6 /home/hany/public_html/global/vendor/laravel/framework/src/Illuminate/Http/FrameGuard.php(38): Barryvdh\Debugbar\Middleware->handle(Object(Illuminate\Http\Request), 1, true)
#7 /home/hany/public_html/global/vendor/laravel/framework/src/Illuminate/Session/Middleware.php(72): Illuminate\Http\FrameGuard->handle(Object(Illuminate\Http\Request), 1, true)
#8 /home/hany/public_html/global/vendor/laravel/framework/src/Illuminate/Cookie/Queue.php(47): Illuminate\Session\Middleware->handle(Object(Illuminate\Http\Request), 1, true)
#9 /home/hany/public_html/global/vendor/laravel/framework/src/Illuminate/Cookie/Guard.php(51): Illuminate\Cookie\Queue->handle(Object(Illuminate\Http\Request), 1, true)
#10 /home/hany/public_html/global/vendor/stack/builder/src/Stack/StackedHttpKernel.php(23): Illuminate\Cookie\Guard->handle(Object(Illuminate\Http\Request), 1, true)
#11 /home/hany/public_html/global/vendor/laravel/framework/src/Illuminate/Foundation/Application.php(606): Stack\StackedHttpKernel->handle(Object(Illuminate\Http\Request))
#12 /home/hany/public_html/global/index.php(49): Illuminate\Foundation\Application->run()
#13 {main} [] []
[2015-02-14 09:27:11] production.ERROR: exception 'Symfony\Component\HttpKernel\Exception\NotFoundHttpException' in /home/hany/public_html/global/vendor/laravel/framework/src/Illuminate/Routing/RouteCollection.php:140
Stack trace:
#0 /home/hany/public_html/global/vendor/laravel/framework/src/Illuminate/Routing/Router.php(1021): Illuminate\Routing\RouteCollection->match(Object(Illuminate\Http\Request))
#1 /home/hany/public_html/global/vendor/laravel/framework/src/Illuminate/Routing/Router.php(989): Illuminate\Routing\Router->findRoute(Object(Illuminate\Http\Request))
#2 /home/hany/public_html/global/vendor/laravel/framework/src/Illuminate/Routing/Router.php(968): Illuminate\Routing\Router->dispatchToRoute(Object(Illuminate\Http\Request))
#3 /home/hany/public_html/global/vendor/laravel/framework/src/Illuminate/Foundation/Application.php(738): Illuminate\Routing\Router->dispatch(Object(Illuminate\Http\Request))
#4 /home/hany/public_html/global/vendor/laravel/framework/src/Illuminate/Foundation/Application.php(708): Illuminate\Foundation\Application->dispatch(Object(Illuminate\Http\Request))
#5 /home/hany/public_html/global/vendor/barryvdh/laravel-debugbar/src/Barryvdh/Debugbar/Middleware.php(34): Illuminate\Foundation\Application->handle(Object(Illuminate\Http\Request), 1, true)
#6 /home/hany/public_html/global/vendor/laravel/framework/src/Illuminate/Http/FrameGuard.php(38): Barryvdh\Debugbar\Middleware->handle(Object(Illuminate\Http\Request), 1, true)
#7 /home/hany/public_html/global/vendor/laravel/framework/src/Illuminate/Session/Middleware.php(72): Illuminate\Http\FrameGuard->handle(Object(Illuminate\Http\Request), 1, true)
#8 /home/hany/public_html/global/vendor/laravel/framework/src/Illuminate/Cookie/Queue.php(47): Illuminate\Session\Middleware->handle(Object(Illuminate\Http\Request), 1, true)
#9 /home/hany/public_html/global/vendor/laravel/framework/src/Illuminate/Cookie/Guard.php(51): Illuminate\Cookie\Queue->handle(Object(Illuminate\Http\Request), 1, true)
#10 /home/hany/public_html/global/vendor/stack/builder/src/Stack/StackedHttpKernel.php(23): Illuminate\Cookie\Guard->handle(Object(Illuminate\Http\Request), 1, true)
#11 /home/hany/public_html/global/vendor/laravel/framework/src/Illuminate/Foundation/Application.php(606): Stack\StackedHttpKernel->handle(Object(Illuminate\Http\Request))
#12 /home/hany/public_html/global/index.php(49): Illuminate\Foundation\Application->run()
#13 {main} [] []
[2015-02-14 09:27:11] production.ERROR: exception 'Symfony\Component\HttpKernel\Exception\NotFoundHttpException' in /home/hany/public_html/global/vendor/laravel/framework/src/Illuminate/Routing/RouteCollection.php:140
Stack trace:
#0 /home/hany/public_html/global/vendor/laravel/framework/src/Illuminate/Routing/Router.php(1021): Illuminate\Routing\RouteCollection->match(Object(Illuminate\Http\Request))
#1 /home/hany/public_html/global/vendor/laravel/framework/src/Illuminate/Routing/Router.php(989): Illuminate\Routing\Router->findRoute(Object(Illuminate\Http\Request))
#2 /home/hany/public_html/global/vendor/laravel/framework/src/Illuminate/Routing/Router.php(968): Illuminate\Routing\Router->dispatchToRoute(Object(Illuminate\Http\Request))
#3 /home/hany/public_html/global/vendor/laravel/framework/src/Illuminate/Foundation/Application.php(738): Illuminate\Routing\Router->dispatch(Object(Illuminate\Http\Request))
#4 /home/hany/public_html/global/vendor/laravel/framework/src/Illuminate/Foundation/Application.php(708): Illuminate\Foundation\Application->dispatch(Object(Illuminate\Http\Request))
#5 /home/hany/public_html/global/vendor/barryvdh/laravel-debugbar/src/Barryvdh/Debugbar/Middleware.php(34): Illuminate\Foundation\Application->handle(Object(Illuminate\Http\Request), 1, true)
#6 /home/hany/public_html/global/vendor/laravel/framework/src/Illuminate/Http/FrameGuard.php(38): Barryvdh\Debugbar\Middleware->handle(Object(Illuminate\Http\Request), 1, true)
#7 /home/hany/public_html/global/vendor/laravel/framework/src/Illuminate/Session/Middleware.php(72): Illuminate\Http\FrameGuard->handle(Object(Illuminate\Http\Request), 1, true)
#8 /home/hany/public_html/global/vendor/laravel/framework/src/Illuminate/Cookie/Queue.php(47): Illuminate\Session\Middleware->handle(Object(Illuminate\Http\Request), 1, true)
#9 /home/hany/public_html/global/vendor/laravel/framework/src/Illuminate/Cookie/Guard.php(51): Illuminate\Cookie\Queue->handle(Object(Illuminate\Http\Request), 1, true)
#10 /home/hany/public_html/global/vendor/stack/builder/src/Stack/StackedHttpKernel.php(23): Illuminate\Cookie\Guard->handle(Object(Illuminate\Http\Request), 1, true)
#11 /home/hany/public_html/global/vendor/laravel/framework/src/Illuminate/Foundation/Application.php(606): Stack\StackedHttpKernel->handle(Object(Illuminate\Http\Request))
#12 /home/hany/public_html/global/index.php(49): Illuminate\Foundation\Application->run()
#13 {main} [] []
[2015-02-14 09:27:11] production.ERROR: exception 'Symfony\Component\HttpKernel\Exception\NotFoundHttpException' in /home/hany/public_html/global/vendor/laravel/framework/src/Illuminate/Routing/RouteCollection.php:140
Stack trace:
#0 /home/hany/public_html/global/vendor/laravel/framework/src/Illuminate/Routing/Router.php(1021): Illuminate\Routing\RouteCollection->match(Object(Illuminate\Http\Request))
#1 /home/hany/public_html/global/vendor/laravel/framework/src/Illuminate/Routing/Router.php(989): Illuminate\Routing\Router->findRoute(Object(Illuminate\Http\Request))
#2 /home/hany/public_html/global/vendor/laravel/framework/src/Illuminate/Routing/Router.php(968): Illuminate\Routing\Router->dispatchToRoute(Object(Illuminate\Http\Request))
#3 /home/hany/public_html/global/vendor/laravel/framework/src/Illuminate/Foundation/Application.php(738): Illuminate\Routing\Router->dispatch(Object(Illuminate\Http\Request))
#4 /home/hany/public_html/global/vendor/laravel/framework/src/Illuminate/Foundation/Application.php(708): Illuminate\Foundation\Application->dispatch(Object(Illuminate\Http\Request))
#5 /home/hany/public_html/global/vendor/barryvdh/laravel-debugbar/src/Barryvdh/Debugbar/Middleware.php(34): Illuminate\Foundation\Application->handle(Object(Illuminate\Http\Request), 1, true)
#6 /home/hany/public_html/global/vendor/laravel/framework/src/Illuminate/Http/FrameGuard.php(38): Barryvdh\Debugbar\Middleware->handle(Object(Illuminate\Http\Request), 1, true)
#7 /home/hany/public_html/global/vendor/laravel/framework/src/Illuminate/Session/Middleware.php(72): Illuminate\Http\FrameGuard->handle(Object(Illuminate\Http\Request), 1, true)
#8 /home/hany/public_html/global/vendor/laravel/framework/src/Illuminate/Cookie/Queue.php(47): Illuminate\Session\Middleware->handle(Object(Illuminate\Http\Request), 1, true)
#9 /home/hany/public_html/global/vendor/laravel/framework/src/Illuminate/Cookie/Guard.php(51): Illuminate\Cookie\Queue->handle(Object(Illuminate\Http\Request), 1, true)
#10 /home/hany/public_html/global/vendor/stack/builder/src/Stack/StackedHttpKernel.php(23): Illuminate\Cookie\Guard->handle(Object(Illuminate\Http\Request), 1, true)
#11 /home/hany/public_html/global/vendor/laravel/framework/src/Illuminate/Foundation/Application.php(606): Stack\StackedHttpKernel->handle(Object(Illuminate\Http\Request))
#12 /home/hany/public_html/global/index.php(49): Illuminate\Foundation\Application->run()
#13 {main} [] []
[2015-02-14 09:27:11] production.ERROR: exception 'Symfony\Component\HttpKernel\Exception\NotFoundHttpException' in /home/hany/public_html/global/vendor/laravel/framework/src/Illuminate/Routing/RouteCollection.php:140
Stack trace:
#0 /home/hany/public_html/global/vendor/laravel/framework/src/Illuminate/Routing/Router.php(1021): Illuminate\Routing\RouteCollection->match(Object(Illuminate\Http\Request))
#1 /home/hany/public_html/global/vendor/laravel/framework/src/Illuminate/Routing/Router.php(989): Illuminate\Routing\Router->findRoute(Object(Illuminate\Http\Request))
#2 /home/hany/public_html/global/vendor/laravel/framework/src/Illuminate/Routing/Router.php(968): Illuminate\Routing\Router->dispatchToRoute(Object(Illuminate\Http\Request))
#3 /home/hany/public_html/global/vendor/laravel/framework/src/Illuminate/Foundation/Application.php(738): Illuminate\Routing\Router->dispatch(Object(Illuminate\Http\Request))
#4 /home/hany/public_html/global/vendor/laravel/framework/src/Illuminate/Foundation/Application.php(708): Illuminate\Foundation\Application->dispatch(Object(Illuminate\Http\Request))
#5 /home/hany/public_html/global/vendor/barryvdh/laravel-debugbar/src/Barryvdh/Debugbar/Middleware.php(34): Illuminate\Foundation\Application->handle(Object(Illuminate\Http\Request), 1, true)
#6 /home/hany/public_html/global/vendor/laravel/framework/src/Illuminate/Http/FrameGuard.php(38): Barryvdh\Debugbar\Middleware->handle(Object(Illuminate\Http\Request), 1, true)
#7 /home/hany/public_html/global/vendor/laravel/framework/src/Illuminate/Session/Middleware.php(72): Illuminate\Http\FrameGuard->handle(Object(Illuminate\Http\Request), 1, true)
#8 /home/hany/public_html/global/vendor/laravel/framework/src/Illuminate/Cookie/Queue.php(47): Illuminate\Session\Middleware->handle(Object(Illuminate\Http\Request), 1, true)
#9 /home/hany/public_html/global/vendor/laravel/framework/src/Illuminate/Cookie/Guard.php(51): Illuminate\Cookie\Queue->handle(Object(Illuminate\Http\Request), 1, true)
#10 /home/hany/public_html/global/vendor/stack/builder/src/Stack/StackedHttpKernel.php(23): Illuminate\Cookie\Guard->handle(Object(Illuminate\Http\Request), 1, true)
#11 /home/hany/public_html/global/vendor/laravel/framework/src/Illuminate/Foundation/Application.php(606): Stack\StackedHttpKernel->handle(Object(Illuminate\Http\Request))
#12 /home/hany/public_html/global/index.php(49): Illuminate\Foundation\Application->run()
#13 {main} [] []
[2015-02-14 09:27:11] production.ERROR: exception 'Symfony\Component\HttpKernel\Exception\NotFoundHttpException' in /home/hany/public_html/global/vendor/laravel/framework/src/Illuminate/Routing/RouteCollection.php:140
Stack trace:
#0 /home/hany/public_html/global/vendor/laravel/framework/src/Illuminate/Routing/Router.php(1021): Illuminate\Routing\RouteCollection->match(Object(Illuminate\Http\Request))
#1 /home/hany/public_html/global/vendor/laravel/framework/src/Illuminate/Routing/Router.php(989): Illuminate\Routing\Router->findRoute(Object(Illuminate\Http\Request))
#2 /home/hany/public_html/global/vendor/laravel/framework/src/Illuminate/Routing/Router.php(968): Illuminate\Routing\Router->dispatchToRoute(Object(Illuminate\Http\Request))
#3 /home/hany/public_html/global/vendor/laravel/framework/src/Illuminate/Foundation/Application.php(738): Illuminate\Routing\Router->dispatch(Object(Illuminate\Http\Request))
#4 /home/hany/public_html/global/vendor/laravel/framework/src/Illuminate/Foundation/Application.php(708): Illuminate\Foundation\Application->dispatch(Object(Illuminate\Http\Request))
#5 /home/hany/public_html/global/vendor/barryvdh/laravel-debugbar/src/Barryvdh/Debugbar/Middleware.php(34): Illuminate\Foundation\Application->handle(Object(Illuminate\Http\Request), 1, true)
#6 /home/hany/public_html/global/vendor/laravel/framework/src/Illuminate/Http/FrameGuard.php(38): Barryvdh\Debugbar\Middleware->handle(Object(Illuminate\Http\Request), 1, true)
#7 /home/hany/public_html/global/vendor/laravel/framework/src/Illuminate/Session/Middleware.php(72): Illuminate\Http\FrameGuard->handle(Object(Illuminate\Http\Request), 1, true)
#8 /home/hany/public_html/global/vendor/laravel/framework/src/Illuminate/Cookie/Queue.php(47): Illuminate\Session\Middleware->handle(Object(Illuminate\Http\Request), 1, true)
#9 /home/hany/public_html/global/vendor/laravel/framework/src/Illuminate/Cookie/Guard.php(51): Illuminate\Cookie\Queue->handle(Object(Illuminate\Http\Request), 1, true)
#10 /home/hany/public_html/global/vendor/stack/builder/src/Stack/StackedHttpKernel.php(23): Illuminate\Cookie\Guard->handle(Object(Illuminate\Http\Request), 1, true)
#11 /home/hany/public_html/global/vendor/laravel/framework/src/Illuminate/Foundation/Application.php(606): Stack\StackedHttpKernel->handle(Object(Illuminate\Http\Request))
#12 /home/hany/public_html/global/index.php(49): Illuminate\Foundation\Application->run()
#13 {main} [] []
[2015-02-14 09:27:11] production.ERROR: exception 'Symfony\Component\HttpKernel\Exception\NotFoundHttpException' in /home/hany/public_html/global/vendor/laravel/framework/src/Illuminate/Routing/RouteCollection.php:140
Stack trace:
#0 /home/hany/public_html/global/vendor/laravel/framework/src/Illuminate/Routing/Router.php(1021): Illuminate\Routing\RouteCollection->match(Object(Illuminate\Http\Request))
#1 /home/hany/public_html/global/vendor/laravel/framework/src/Illuminate/Routing/Router.php(989): Illuminate\Routing\Router->findRoute(Object(Illuminate\Http\Request))
#2 /home/hany/public_html/global/vendor/laravel/framework/src/Illuminate/Routing/Router.php(968): Illuminate\Routing\Router->dispatchToRoute(Object(Illuminate\Http\Request))
#3 /home/hany/public_html/global/vendor/laravel/framework/src/Illuminate/Foundation/Application.php(738): Illuminate\Routing\Router->dispatch(Object(Illuminate\Http\Request))
#4 /home/hany/public_html/global/vendor/laravel/framework/src/Illuminate/Foundation/Application.php(708): Illuminate\Foundation\Application->dispatch(Object(Illuminate\Http\Request))
#5 /home/hany/public_html/global/vendor/barryvdh/laravel-debugbar/src/Barryvdh/Debugbar/Middleware.php(34): Illuminate\Foundation\Application->handle(Object(Illuminate\Http\Request), 1, true)
#6 /home/hany/public_html/global/vendor/laravel/framework/src/Illuminate/Http/FrameGuard.php(38): Barryvdh\Debugbar\Middleware->handle(Object(Illuminate\Http\Request), 1, true)
#7 /home/hany/public_html/global/vendor/laravel/framework/src/Illuminate/Session/Middleware.php(72): Illuminate\Http\FrameGuard->handle(Object(Illuminate\Http\Request), 1, true)
#8 /home/hany/public_html/global/vendor/laravel/framework/src/Illuminate/Cookie/Queue.php(47): Illuminate\Session\Middleware->handle(Object(Illuminate\Http\Request), 1, true)
#9 /home/hany/public_html/global/vendor/laravel/framework/src/Illuminate/Cookie/Guard.php(51): Illuminate\Cookie\Queue->handle(Object(Illuminate\Http\Request), 1, true)
#10 /home/hany/public_html/global/vendor/stack/builder/src/Stack/StackedHttpKernel.php(23): Illuminate\Cookie\Guard->handle(Object(Illuminate\Http\Request), 1, true)
#11 /home/hany/public_html/global/vendor/laravel/framework/src/Illuminate/Foundation/Application.php(606): Stack\StackedHttpKernel->handle(Object(Illuminate\Http\Request))
#12 /home/hany/public_html/global/index.php(49): Illuminate\Foundation\Application->run()
#13 {main} [] []
[2015-02-14 09:27:11] production.ERROR: exception 'Symfony\Component\HttpKernel\Exception\NotFoundHttpException' in /home/hany/public_html/global/vendor/laravel/framework/src/Illuminate/Routing/RouteCollection.php:140
Stack trace:
#0 /home/hany/public_html/global/vendor/laravel/framework/src/Illuminate/Routing/Router.php(1021): Illuminate\Routing\RouteCollection->match(Object(Illuminate\Http\Request))
#1 /home/hany/public_html/global/vendor/laravel/framework/src/Illuminate/Routing/Router.php(989): Illuminate\Routing\Router->findRoute(Object(Illuminate\Http\Request))
#2 /home/hany/public_html/global/vendor/laravel/framework/src/Illuminate/Routing/Router.php(968): Illuminate\Routing\Router->dispatchToRoute(Object(Illuminate\Http\Request))
#3 /home/hany/public_html/global/vendor/laravel/framework/src/Illuminate/Foundation/Application.php(738): Illuminate\Routing\Router->dispatch(Object(Illuminate\Http\Request))
#4 /home/hany/public_html/global/vendor/laravel/framework/src/Illuminate/Foundation/Application.php(708): Illuminate\Foundation\Application->dispatch(Object(Illuminate\Http\Request))
#5 /home/hany/public_html/global/vendor/barryvdh/laravel-debugbar/src/Barryvdh/Debugbar/Middleware.php(34): Illuminate\Foundation\Application->handle(Object(Illuminate\Http\Request), 1, true)
#6 /home/hany/public_html/global/vendor/laravel/framework/src/Illuminate/Http/FrameGuard.php(38): Barryvdh\Debugbar\Middleware->handle(Object(Illuminate\Http\Request), 1, true)
#7 /home/hany/public_html/global/vendor/laravel/framework/src/Illuminate/Session/Middleware.php(72): Illuminate\Http\FrameGuard->handle(Object(Illuminate\Http\Request), 1, true)
#8 /home/hany/public_html/global/vendor/laravel/framework/src/Illuminate/Cookie/Queue.php(47): Illuminate\Session\Middleware->handle(Object(Illuminate\Http\Request), 1, true)
#9 /home/hany/public_html/global/vendor/laravel/framework/src/Illuminate/Cookie/Guard.php(51): Illuminate\Cookie\Queue->handle(Object(Illuminate\Http\Request), 1, true)
#10 /home/hany/public_html/global/vendor/stack/builder/src/Stack/StackedHttpKernel.php(23): Illuminate\Cookie\Guard->handle(Object(Illuminate\Http\Request), 1, true)
#11 /home/hany/public_html/global/vendor/laravel/framework/src/Illuminate/Foundation/Application.php(606): Stack\StackedHttpKernel->handle(Object(Illuminate\Http\Request))
#12 /home/hany/public_html/global/index.php(49): Illuminate\Foundation\Application->run()
#13 {main} [] []
[2015-02-14 09:27:11] production.ERROR: exception 'Symfony\Component\HttpKernel\Exception\NotFoundHttpException' in /home/hany/public_html/global/vendor/laravel/framework/src/Illuminate/Routing/RouteCollection.php:140
Stack trace:
#0 /home/hany/public_html/global/vendor/laravel/framework/src/Illuminate/Routing/Router.php(1021): Illuminate\Routing\RouteCollection->match(Object(Illuminate\Http\Request))
#1 /home/hany/public_html/global/vendor/laravel/framework/src/Illuminate/Routing/Router.php(989): Illuminate\Routing\Router->findRoute(Object(Illuminate\Http\Request))
#2 /home/hany/public_html/global/vendor/laravel/framework/src/Illuminate/Routing/Router.php(968): Illuminate\Routing\Router->dispatchToRoute(Object(Illuminate\Http\Request))
#3 /home/hany/public_html/global/vendor/laravel/framework/src/Illuminate/Foundation/Application.php(738): Illuminate\Routing\Router->dispatch(Object(Illuminate\Http\Request))
#4 /home/hany/public_html/global/vendor/laravel/framework/src/Illuminate/Foundation/Application.php(708): Illuminate\Foundation\Application->dispatch(Object(Illuminate\Http\Request))
#5 /home/hany/public_html/global/vendor/barryvdh/laravel-debugbar/src/Barryvdh/Debugbar/Middleware.php(34): Illuminate\Foundation\Application->handle(Object(Illuminate\Http\Request), 1, true)
#6 /home/hany/public_html/global/vendor/laravel/framework/src/Illuminate/Http/FrameGuard.php(38): Barryvdh\Debugbar\Middleware->handle(Object(Illuminate\Http\Request), 1, true)
#7 /home/hany/public_html/global/vendor/laravel/framework/src/Illuminate/Session/Middleware.php(72): Illuminate\Http\FrameGuard->handle(Object(Illuminate\Http\Request), 1, true)
#8 /home/hany/public_html/global/vendor/laravel/framework/src/Illuminate/Cookie/Queue.php(47): Illuminate\Session\Middleware->handle(Object(Illuminate\Http\Request), 1, true)
#9 /home/hany/public_html/global/vendor/laravel/framework/src/Illuminate/Cookie/Guard.php(51): Illuminate\Cookie\Queue->handle(Object(Illuminate\Http\Request), 1, true)
#10 /home/hany/public_html/global/vendor/stack/builder/src/Stack/StackedHttpKernel.php(23): Illuminate\Cookie\Guard->handle(Object(Illuminate\Http\Request), 1, true)
#11 /home/hany/public_html/global/vendor/laravel/framework/src/Illuminate/Foundation/Application.php(606): Stack\StackedHttpKernel->handle(Object(Illuminate\Http\Request))
#12 /home/hany/public_html/global/index.php(49): Illuminate\Foundation\Application->run()
#13 {main} [] []
[2015-02-14 09:27:11] production.ERROR: exception 'Symfony\Component\HttpKernel\Exception\NotFoundHttpException' in /home/hany/public_html/global/vendor/laravel/framework/src/Illuminate/Routing/RouteCollection.php:140
Stack trace:
#0 /home/hany/public_html/global/vendor/laravel/framework/src/Illuminate/Routing/Router.php(1021): Illuminate\Routing\RouteCollection->match(Object(Illuminate\Http\Request))
#1 /home/hany/public_html/global/vendor/laravel/framework/src/Illuminate/Routing/Router.php(989): Illuminate\Routing\Router->findRoute(Object(Illuminate\Http\Request))
#2 /home/hany/public_html/global/vendor/laravel/framework/src/Illuminate/Routing/Router.php(968): Illuminate\Routing\Router->dispatchToRoute(Object(Illuminate\Http\Request))
#3 /home/hany/public_html/global/vendor/laravel/framework/src/Illuminate/Foundation/Application.php(738): Illuminate\Routing\Router->dispatch(Object(Illuminate\Http\Request))
#4 /home/hany/public_html/global/vendor/laravel/framework/src/Illuminate/Foundation/Application.php(708): Illuminate\Foundation\Application->dispatch(Object(Illuminate\Http\Request))
#5 /home/hany/public_html/global/vendor/barryvdh/laravel-debugbar/src/Barryvdh/Debugbar/Middleware.php(34): Illuminate\Foundation\Application->handle(Object(Illuminate\Http\Request), 1, true)
#6 /home/hany/public_html/global/vendor/laravel/framework/src/Illuminate/Http/FrameGuard.php(38): Barryvdh\Debugbar\Middleware->handle(Object(Illuminate\Http\Request), 1, true)
#7 /home/hany/public_html/global/vendor/laravel/framework/src/Illuminate/Session/Middleware.php(72): Illuminate\Http\FrameGuard->handle(Object(Illuminate\Http\Request), 1, true)
#8 /home/hany/public_html/global/vendor/laravel/framework/src/Illuminate/Cookie/Queue.php(47): Illuminate\Session\Middleware->handle(Object(Illuminate\Http\Request), 1, true)
#9 /home/hany/public_html/global/vendor/laravel/framework/src/Illuminate/Cookie/Guard.php(51): Illuminate\Cookie\Queue->handle(Object(Illuminate\Http\Request), 1, true)
#10 /home/hany/public_html/global/vendor/stack/builder/src/Stack/StackedHttpKernel.php(23): Illuminate\Cookie\Guard->handle(Object(Illuminate\Http\Request), 1, true)
#11 /home/hany/public_html/global/vendor/laravel/framework/src/Illuminate/Foundation/Application.php(606): Stack\StackedHttpKernel->handle(Object(Illuminate\Http\Request))
#12 /home/hany/public_html/global/index.php(49): Illuminate\Foundation\Application->run()
#13 {main} [] []
[2015-02-14 09:27:11] production.ERROR: exception 'Symfony\Component\HttpKernel\Exception\NotFoundHttpException' in /home/hany/public_html/global/vendor/laravel/framework/src/Illuminate/Routing/RouteCollection.php:140
Stack trace:
#0 /home/hany/public_html/global/vendor/laravel/framework/src/Illuminate/Routing/Router.php(1021): Illuminate\Routing\RouteCollection->match(Object(Illuminate\Http\Request))
#1 /home/hany/public_html/global/vendor/laravel/framework/src/Illuminate/Routing/Router.php(989): Illuminate\Routing\Router->findRoute(Object(Illuminate\Http\Request))
#2 /home/hany/public_html/global/vendor/laravel/framework/src/Illuminate/Routing/Router.php(968): Illuminate\Routing\Router->dispatchToRoute(Object(Illuminate\Http\Request))
#3 /home/hany/public_html/global/vendor/laravel/framework/src/Illuminate/Foundation/Application.php(738): Illuminate\Routing\Router->dispatch(Object(Illuminate\Http\Request))
#4 /home/hany/public_html/global/vendor/laravel/framework/src/Illuminate/Foundation/Application.php(708): Illuminate\Foundation\Application->dispatch(Object(Illuminate\Http\Request))
#5 /home/hany/public_html/global/vendor/barryvdh/laravel-debugbar/src/Barryvdh/Debugbar/Middleware.php(34): Illuminate\Foundation\Application->handle(Object(Illuminate\Http\Request), 1, true)
#6 /home/hany/public_html/global/vendor/laravel/framework/src/Illuminate/Http/FrameGuard.php(38): Barryvdh\Debugbar\Middleware->handle(Object(Illuminate\Http\Request), 1, true)
#7 /home/hany/public_html/global/vendor/laravel/framework/src/Illuminate/Session/Middleware.php(72): Illuminate\Http\FrameGuard->handle(Object(Illuminate\Http\Request), 1, true)
#8 /home/hany/public_html/global/vendor/laravel/framework/src/Illuminate/Cookie/Queue.php(47): Illuminate\Session\Middleware->handle(Object(Illuminate\Http\Request), 1, true)
#9 /home/hany/public_html/global/vendor/laravel/framework/src/Illuminate/Cookie/Guard.php(51): Illuminate\Cookie\Queue->handle(Object(Illuminate\Http\Request), 1, true)
#10 /home/hany/public_html/global/vendor/stack/builder/src/Stack/StackedHttpKernel.php(23): Illuminate\Cookie\Guard->handle(Object(Illuminate\Http\Request), 1, true)
#11 /home/hany/public_html/global/vendor/laravel/framework/src/Illuminate/Foundation/Application.php(606): Stack\StackedHttpKernel->handle(Object(Illuminate\Http\Request))
#12 /home/hany/public_html/global/index.php(49): Illuminate\Foundation\Application->run()
#13 {main} [] []
[2015-02-14 09:27:11] production.ERROR: exception 'Symfony\Component\HttpKernel\Exception\NotFoundHttpException' in /home/hany/public_html/global/vendor/laravel/framework/src/Illuminate/Routing/RouteCollection.php:140
Stack trace:
#0 /home/hany/public_html/global/vendor/laravel/framework/src/Illuminate/Routing/Router.php(1021): Illuminate\Routing\RouteCollection->match(Object(Illuminate\Http\Request))
#1 /home/hany/public_html/global/vendor/laravel/framework/src/Illuminate/Routing/Router.php(989): Illuminate\Routing\Router->findRoute(Object(Illuminate\Http\Request))
#2 /home/hany/public_html/global/vendor/laravel/framework/src/Illuminate/Routing/Router.php(968): Illuminate\Routing\Router->dispatchToRoute(Object(Illuminate\Http\Request))
#3 /home/hany/public_html/global/vendor/laravel/framework/src/Illuminate/Foundation/Application.php(738): Illuminate\Routing\Router->dispatch(Object(Illuminate\Http\Request))
#4 /home/hany/public_html/global/vendor/laravel/framework/src/Illuminate/Foundation/Application.php(708): Illuminate\Foundation\Application->dispatch(Object(Illuminate\Http\Request))
#5 /home/hany/public_html/global/vendor/barryvdh/laravel-debugbar/src/Barryvdh/Debugbar/Middleware.php(34): Illuminate\Foundation\Application->handle(Object(Illuminate\Http\Request), 1, true)
#6 /home/hany/public_html/global/vendor/laravel/framework/src/Illuminate/Http/FrameGuard.php(38): Barryvdh\Debugbar\Middleware->handle(Object(Illuminate\Http\Request), 1, true)
#7 /home/hany/public_html/global/vendor/laravel/framework/src/Illuminate/Session/Middleware.php(72): Illuminate\Http\FrameGuard->handle(Object(Illuminate\Http\Request), 1, true)
#8 /home/hany/public_html/global/vendor/laravel/framework/src/Illuminate/Cookie/Queue.php(47): Illuminate\Session\Middleware->handle(Object(Illuminate\Http\Request), 1, true)
#9 /home/hany/public_html/global/vendor/laravel/framework/src/Illuminate/Cookie/Guard.php(51): Illuminate\Cookie\Queue->handle(Object(Illuminate\Http\Request), 1, true)
#10 /home/hany/public_html/global/vendor/stack/builder/src/Stack/StackedHttpKernel.php(23): Illuminate\Cookie\Guard->handle(Object(Illuminate\Http\Request), 1, true)
#11 /home/hany/public_html/global/vendor/laravel/framework/src/Illuminate/Foundation/Application.php(606): Stack\StackedHttpKernel->handle(Object(Illuminate\Http\Request))
#12 /home/hany/public_html/global/index.php(49): Illuminate\Foundation\Application->run()
#13 {main} [] []
[2015-02-14 09:27:12] production.ERROR: exception 'Symfony\Component\HttpKernel\Exception\NotFoundHttpException' in /home/hany/public_html/global/vendor/laravel/framework/src/Illuminate/Routing/RouteCollection.php:140
Stack trace:
#0 /home/hany/public_html/global/vendor/laravel/framework/src/Illuminate/Routing/Router.php(1021): Illuminate\Routing\RouteCollection->match(Object(Illuminate\Http\Request))
#1 /home/hany/public_html/global/vendor/laravel/framework/src/Illuminate/Routing/Router.php(989): Illuminate\Routing\Router->findRoute(Object(Illuminate\Http\Request))
#2 /home/hany/public_html/global/vendor/laravel/framework/src/Illuminate/Routing/Router.php(968): Illuminate\Routing\Router->dispatchToRoute(Object(Illuminate\Http\Request))
#3 /home/hany/public_html/global/vendor/laravel/framework/src/Illuminate/Foundation/Application.php(738): Illuminate\Routing\Router->dispatch(Object(Illuminate\Http\Request))
#4 /home/hany/public_html/global/vendor/laravel/framework/src/Illuminate/Foundation/Application.php(708): Illuminate\Foundation\Application->dispatch(Object(Illuminate\Http\Request))
#5 /home/hany/public_html/global/vendor/barryvdh/laravel-debugbar/src/Barryvdh/Debugbar/Middleware.php(34): Illuminate\Foundation\Application->handle(Object(Illuminate\Http\Request), 1, true)
#6 /home/hany/public_html/global/vendor/laravel/framework/src/Illuminate/Http/FrameGuard.php(38): Barryvdh\Debugbar\Middleware->handle(Object(Illuminate\Http\Request), 1, true)
#7 /home/hany/public_html/global/vendor/laravel/framework/src/Illuminate/Session/Middleware.php(72): Illuminate\Http\FrameGuard->handle(Object(Illuminate\Http\Request), 1, true)
#8 /home/hany/public_html/global/vendor/laravel/framework/src/Illuminate/Cookie/Queue.php(47): Illuminate\Session\Middleware->handle(Object(Illuminate\Http\Request), 1, true)
#9 /home/hany/public_html/global/vendor/laravel/framework/src/Illuminate/Cookie/Guard.php(51): Illuminate\Cookie\Queue->handle(Object(Illuminate\Http\Request), 1, true)
#10 /home/hany/public_html/global/vendor/stack/builder/src/Stack/StackedHttpKernel.php(23): Illuminate\Cookie\Guard->handle(Object(Illuminate\Http\Request), 1, true)
#11 /home/hany/public_html/global/vendor/laravel/framework/src/Illuminate/Foundation/Application.php(606): Stack\StackedHttpKernel->handle(Object(Illuminate\Http\Request))
#12 /home/hany/public_html/global/index.php(49): Illuminate\Foundation\Application->run()
#13 {main} [] []
[2015-02-14 09:27:12] production.ERROR: exception 'Symfony\Component\HttpKernel\Exception\NotFoundHttpException' in /home/hany/public_html/global/vendor/laravel/framework/src/Illuminate/Routing/RouteCollection.php:140
Stack trace:
#0 /home/hany/public_html/global/vendor/laravel/framework/src/Illuminate/Routing/Router.php(1021): Illuminate\Routing\RouteCollection->match(Object(Illuminate\Http\Request))
#1 /home/hany/public_html/global/vendor/laravel/framework/src/Illuminate/Routing/Router.php(989): Illuminate\Routing\Router->findRoute(Object(Illuminate\Http\Request))
#2 /home/hany/public_html/global/vendor/laravel/framework/src/Illuminate/Routing/Router.php(968): Illuminate\Routing\Router->dispatchToRoute(Object(Illuminate\Http\Request))
#3 /home/hany/public_html/global/vendor/laravel/framework/src/Illuminate/Foundation/Application.php(738): Illuminate\Routing\Router->dispatch(Object(Illuminate\Http\Request))
#4 /home/hany/public_html/global/vendor/laravel/framework/src/Illuminate/Foundation/Application.php(708): Illuminate\Foundation\Application->dispatch(Object(Illuminate\Http\Request))
#5 /home/hany/public_html/global/vendor/barryvdh/laravel-debugbar/src/Barryvdh/Debugbar/Middleware.php(34): Illuminate\Foundation\Application->handle(Object(Illuminate\Http\Request), 1, true)
#6 /home/hany/public_html/global/vendor/laravel/framework/src/Illuminate/Http/FrameGuard.php(38): Barryvdh\Debugbar\Middleware->handle(Object(Illuminate\Http\Request), 1, true)
#7 /home/hany/public_html/global/vendor/laravel/framework/src/Illuminate/Session/Middleware.php(72): Illuminate\Http\FrameGuard->handle(Object(Illuminate\Http\Request), 1, true)
#8 /home/hany/public_html/global/vendor/laravel/framework/src/Illuminate/Cookie/Queue.php(47): Illuminate\Session\Middleware->handle(Object(Illuminate\Http\Request), 1, true)
#9 /home/hany/public_html/global/vendor/laravel/framework/src/Illuminate/Cookie/Guard.php(51): Illuminate\Cookie\Queue->handle(Object(Illuminate\Http\Request), 1, true)
#10 /home/hany/public_html/global/vendor/stack/builder/src/Stack/StackedHttpKernel.php(23): Illuminate\Cookie\Guard->handle(Object(Illuminate\Http\Request), 1, true)
#11 /home/hany/public_html/global/vendor/laravel/framework/src/Illuminate/Foundation/Application.php(606): Stack\StackedHttpKernel->handle(Object(Illuminate\Http\Request))
#12 /home/hany/public_html/global/index.php(49): Illuminate\Foundation\Application->run()
#13 {main} [] []
[2015-02-14 09:27:12] production.ERROR: exception 'Symfony\Component\HttpKernel\Exception\NotFoundHttpException' in /home/hany/public_html/global/vendor/laravel/framework/src/Illuminate/Routing/RouteCollection.php:140
Stack trace:
#0 /home/hany/public_html/global/vendor/laravel/framework/src/Illuminate/Routing/Router.php(1021): Illuminate\Routing\RouteCollection->match(Object(Illuminate\Http\Request))
#1 /home/hany/public_html/global/vendor/laravel/framework/src/Illuminate/Routing/Router.php(989): Illuminate\Routing\Router->findRoute(Object(Illuminate\Http\Request))
#2 /home/hany/public_html/global/vendor/laravel/framework/src/Illuminate/Routing/Router.php(968): Illuminate\Routing\Router->dispatchToRoute(Object(Illuminate\Http\Request))
#3 /home/hany/public_html/global/vendor/laravel/framework/src/Illuminate/Foundation/Application.php(738): Illuminate\Routing\Router->dispatch(Object(Illuminate\Http\Request))
#4 /home/hany/public_html/global/vendor/laravel/framework/src/Illuminate/Foundation/Application.php(708): Illuminate\Foundation\Application->dispatch(Object(Illuminate\Http\Request))
#5 /home/hany/public_html/global/vendor/barryvdh/laravel-debugbar/src/Barryvdh/Debugbar/Middleware.php(34): Illuminate\Foundation\Application->handle(Object(Illuminate\Http\Request), 1, true)
#6 /home/hany/public_html/global/vendor/laravel/framework/src/Illuminate/Http/FrameGuard.php(38): Barryvdh\Debugbar\Middleware->handle(Object(Illuminate\Http\Request), 1, true)
#7 /home/hany/public_html/global/vendor/laravel/framework/src/Illuminate/Session/Middleware.php(72): Illuminate\Http\FrameGuard->handle(Object(Illuminate\Http\Request), 1, true)
#8 /home/hany/public_html/global/vendor/laravel/framework/src/Illuminate/Cookie/Queue.php(47): Illuminate\Session\Middleware->handle(Object(Illuminate\Http\Request), 1, true)
#9 /home/hany/public_html/global/vendor/laravel/framework/src/Illuminate/Cookie/Guard.php(51): Illuminate\Cookie\Queue->handle(Object(Illuminate\Http\Request), 1, true)
#10 /home/hany/public_html/global/vendor/stack/builder/src/Stack/StackedHttpKernel.php(23): Illuminate\Cookie\Guard->handle(Object(Illuminate\Http\Request), 1, true)
#11 /home/hany/public_html/global/vendor/laravel/framework/src/Illuminate/Foundation/Application.php(606): Stack\StackedHttpKernel->handle(Object(Illuminate\Http\Request))
#12 /home/hany/public_html/global/index.php(49): Illuminate\Foundation\Application->run()
#13 {main} [] []
[2015-02-14 09:27:12] production.ERROR: exception 'Symfony\Component\HttpKernel\Exception\NotFoundHttpException' in /home/hany/public_html/global/vendor/laravel/framework/src/Illuminate/Routing/RouteCollection.php:140
Stack trace:
#0 /home/hany/public_html/global/vendor/laravel/framework/src/Illuminate/Routing/Router.php(1021): Illuminate\Routing\RouteCollection->match(Object(Illuminate\Http\Request))
#1 /home/hany/public_html/global/vendor/laravel/framework/src/Illuminate/Routing/Router.php(989): Illuminate\Routing\Router->findRoute(Object(Illuminate\Http\Request))
#2 /home/hany/public_html/global/vendor/laravel/framework/src/Illuminate/Routing/Router.php(968): Illuminate\Routing\Router->dispatchToRoute(Object(Illuminate\Http\Request))
#3 /home/hany/public_html/global/vendor/laravel/framework/src/Illuminate/Foundation/Application.php(738): Illuminate\Routing\Router->dispatch(Object(Illuminate\Http\Request))
#4 /home/hany/public_html/global/vendor/laravel/framework/src/Illuminate/Foundation/Application.php(708): Illuminate\Foundation\Application->dispatch(Object(Illuminate\Http\Request))
#5 /home/hany/public_html/global/vendor/barryvdh/laravel-debugbar/src/Barryvdh/Debugbar/Middleware.php(34): Illuminate\Foundation\Application->handle(Object(Illuminate\Http\Request), 1, true)
#6 /home/hany/public_html/global/vendor/laravel/framework/src/Illuminate/Http/FrameGuard.php(38): Barryvdh\Debugbar\Middleware->handle(Object(Illuminate\Http\Request), 1, true)
#7 /home/hany/public_html/global/vendor/laravel/framework/src/Illuminate/Session/Middleware.php(72): Illuminate\Http\FrameGuard->handle(Object(Illuminate\Http\Request), 1, true)
#8 /home/hany/public_html/global/vendor/laravel/framework/src/Illuminate/Cookie/Queue.php(47): Illuminate\Session\Middleware->handle(Object(Illuminate\Http\Request), 1, true)
#9 /home/hany/public_html/global/vendor/laravel/framework/src/Illuminate/Cookie/Guard.php(51): Illuminate\Cookie\Queue->handle(Object(Illuminate\Http\Request), 1, true)
#10 /home/hany/public_html/global/vendor/stack/builder/src/Stack/StackedHttpKernel.php(23): Illuminate\Cookie\Guard->handle(Object(Illuminate\Http\Request), 1, true)
#11 /home/hany/public_html/global/vendor/laravel/framework/src/Illuminate/Foundation/Application.php(606): Stack\StackedHttpKernel->handle(Object(Illuminate\Http\Request))
#12 /home/hany/public_html/global/index.php(49): Illuminate\Foundation\Application->run()
#13 {main} [] []
